<?xml version="1.0" encoding="UTF-8"?>
<!-- Generated by org.testng.reporters.JUnitXMLReporter -->
<testsuite ignored="0" hostname="IN-D3HJ0F3" failures="6" tests="6" name="Test" time="129.662" errors="0" timestamp="2023-03-04T15:51:28 IST">
  <testcase classname="io.cucumber.testng.AbstractTestNGCucumberTests" name="runScenario" time="24.447">
    <failure type="java.lang.NullPointerException">
      <![CDATA[java.lang.NullPointerException
at Pages.AnimationPage.verify_Animation_actions(AnimationPage.java:26)
at StepDefinitions.AnimationStep.api_demos_app_is_launched(AnimationStep.java:31)
at ✽.Api Demos app is launched and animation option is visible(file:///C:/Users/amankhan/eclipse-workspace/Com.ExitTest.Assignment/src/test/java/Features/Animation.feature:4)
]]>
    </failure>
  </testcase> <!-- runScenario -->
  <testcase classname="io.cucumber.testng.AbstractTestNGCucumberTests" name="runScenario" time="20.899">
    <failure type="java.lang.NullPointerException">
      <![CDATA[java.lang.NullPointerException
at Pages.AnimationPage.verify_Animation_actions(AnimationPage.java:26)
at StepDefinitions.AnimationStep.api_demos_app_is_launched(AnimationStep.java:31)
at ✽.Api Demos app is launched and animation option is visible(file:///C:/Users/amankhan/eclipse-workspace/Com.ExitTest.Assignment/src/test/java/Features/Animation.feature:4)
]]>
    </failure>
  </testcase> <!-- runScenario -->
  <testcase classname="io.cucumber.testng.AbstractTestNGCucumberTests" name="runScenario" time="20.358">
    <failure type="java.lang.NullPointerException">
      <![CDATA[java.lang.NullPointerException
at Pages.AccessibilityPage.verify_ApiDemo_actions(AccessibilityPage.java:33)
at StepDefinitions.AccessibilityStep.api_demos_app_is_launched(AccessibilityStep.java:33)
at ✽.Api Demos app is launched(file:///C:/Users/amankhan/eclipse-workspace/Com.ExitTest.Assignment/src/test/java/Features/accessibility_appOption.feature:4)
]]>
    </failure>
  </testcase> <!-- runScenario -->
  <testcase classname="io.cucumber.testng.AbstractTestNGCucumberTests" name="runScenario" time="20.396">
    <failure type="java.lang.NullPointerException">
      <![CDATA[java.lang.NullPointerException
at Pages.AccessibilityPage.verify_ApiDemo_actions(AccessibilityPage.java:33)
at StepDefinitions.AccessibilityStep.api_demos_app_is_launched(AccessibilityStep.java:33)
at ✽.Api Demos app is launched(file:///C:/Users/amankhan/eclipse-workspace/Com.ExitTest.Assignment/src/test/java/Features/accessibility_appOption.feature:4)
]]>
    </failure>
  </testcase> <!-- runScenario -->
  <testcase classname="io.cucumber.testng.AbstractTestNGCucumberTests" name="runScenario" time="20.438">
    <failure type="java.lang.NullPointerException">
      <![CDATA[java.lang.NullPointerException
at Pages.AccessibilityPage.verify_ApiDemo_actions(AccessibilityPage.java:33)
at StepDefinitions.AccessibilityStep.api_demos_app_is_launched(AccessibilityStep.java:33)
at ✽.Api Demos app is launched(file:///C:/Users/amankhan/eclipse-workspace/Com.ExitTest.Assignment/src/test/java/Features/accessibility_appOption.feature:4)
]]>
    </failure>
  </testcase> <!-- runScenario -->
  <testcase classname="io.cucumber.testng.AbstractTestNGCucumberTests" name="runScenario" time="20.285">
    <failure type="java.lang.NullPointerException">
      <![CDATA[java.lang.NullPointerException
at Pages.AccessibilityPage.verify_ApiDemo_actions(AccessibilityPage.java:33)
at StepDefinitions.AccessibilityStep.api_demos_app_is_launched(AccessibilityStep.java:33)
at ✽.Api Demos app is launched(file:///C:/Users/amankhan/eclipse-workspace/Com.ExitTest.Assignment/src/test/java/Features/logTextbox.feature:4)
]]>
    </failure>
  </testcase> <!-- runScenario -->
</testsuite> <!-- Test -->
