<?xml version="1.0" encoding="UTF-8"?>
<testsuite xmlns:xsi="http://www.w3.org/2001/XMLSchema-instance" xsi:noNamespaceSchemaLocation="https://maven.apache.org/surefire/maven-surefire-plugin/xsd/surefire-test-report-3.0.xsd" version="3.0" name="TestSuite" time="136.475" tests="6" errors="0" skipped="0" failures="6">
  <properties>
[...]
</properties>
  <testcase name="runScenario[&quot;Verifying the functionality named as Default layout animation&quot;, &quot;LogTextbox option of API DEMOS app&quot;](1)" classname="Runner.RunnerTest" time="24.867">
    <failure type="java.lang.NullPointerException"><![CDATA[java.lang.NullPointerException
]]></failure>
    <system-out><![CDATA[&amp#27;[35m[Appium]&amp#27;[39m Welcome to Appium v1.18.1
&amp#27;[35m[Appium]&amp#27;[39m Appium REST http interface listener started on 0.0.0.0:4723
&amp#27;[35m[HTTP]&amp#27;[39m &amp#27;[37m-->&amp#27;[39m &amp#27;[37mGET&amp#27;[39m &amp#27;[37m/wd/hub/status&amp#27;[39m
&amp#27;[35m[HTTP]&amp#27;[39m &amp#27;[90m{}&amp#27;[39m
[debug] &amp#27;[35m[GENERIC]&amp#27;[39m Calling AppiumDriver.getStatus() with args: []
[debug] &amp#27;[35m[GENERIC]&amp#27;[39m Responding to client with driver.getStatus() result: {"build":{"version":"1.18.1"}}
&amp#27;[35m[HTTP]&amp#27;[39m &amp#27;[37m<-- GET /wd/hub/status &amp#27;[39m&amp#27;[32m200&amp#27;[39m &amp#27;[90m13 ms - 68&amp#27;[39m
&amp#27;[35m[HTTP]&amp#27;[39m &amp#27;[90m&amp#27;[39m
[INFO ] 2023-03-04 15:49:18.819 [main] ManageLog4j - ****************************************************************************************
[INFO ] 2023-03-04 15:49:18.823 [main] ManageLog4j - ****************************************************************************************
[INFO ] 2023-03-04 15:49:18.823 [main] ManageLog4j - $$$$$$$$$$$$$$$$$$$$$                 Appium_Test       $$$$$$$$$$$$$$$$$$$$$$$$$
[INFO ] 2023-03-04 15:49:18.823 [main] ManageLog4j - ****************************************************************************************
[INFO ] 2023-03-04 15:49:18.824 [main] ManageLog4j - ****************************************************************************************

@test3
Scenario: Verifying the functionality named as Default layout animation # src/test/java/Features/Animation.feature:8
&amp#27;[35m[HTTP]&amp#27;[39m &amp#27;[37m-->&amp#27;[39m &amp#27;[37mPOST&amp#27;[39m &amp#27;[37m/wd/hub/session&amp#27;[39m
&amp#27;[35m[HTTP]&amp#27;[39m &amp#27;[90m{"desiredCapabilities":{"app":"C:\\Users\\amankhan\\eclipse-workspace\\Com.ExitTest.Assignment\\App\\ApiDemos.apk","appActivity":".ApiDemos","appPackage":"io.appium.android.apis","isHeadless":true,"appium-version":"1.15.1","avdArgs":"-no-window","platformVersion":"8.0","platformName":"Android","deviceName":"Android"},"capabilities":{"alwaysMatch":{"appium:app":"C:\\Users\\amankhan\\eclipse-workspace\\Com.ExitTest.Assignment\\App\\ApiDemos.apk","appium:appActivity":".ApiDemos","appium:appPackage":"io.appium.android.apis","appium-version":"1.15.1","appium:avdArgs":"-no-window","appium:deviceName":"Android","isHeadless":true,"platformName":"android","appium:platformVersion":"8.0"},"firstMatch":[{}]}}&amp#27;[39m
[debug] &amp#27;[35m[W3C]&amp#27;[39m Calling AppiumDriver.createSession() with args: [{"app":"C:\\Users\\amankhan\\eclipse-workspace\\Com.ExitTest.Assignment\\App\\ApiDemos.apk","appActivity":".ApiDemos","appPackage":"io.appium.android.apis","isHeadless":true,"appium-version":"1.15.1","avdArgs":"-no-window","platformVersion":"8.0","platformName":"Android","deviceName":"Android"},null,{"alwaysMatch":{"appium:app":"C:\\Users\\amankhan\\eclipse-workspace\\Com.ExitTest.Assignment\\App\\ApiDemos.apk","appium:appActivity":".ApiDemos","appium:appPackage":"io.appium.android.apis","appium-version":"1.15.1","appium:avdArgs":"-no-window","appium:deviceName":"Android","isHeadless":true,"platformName":"android","appium:platformVersion":"8.0"},"firstMatch":[{}]}]
[debug] &amp#27;[35m[BaseDriver]&amp#27;[39m Event 'newSessionRequested' logged at 1677925161005 (15:49:21 GMT+0530 (India Standard Time))
&amp#27;[35m[BaseDriver]&amp#27;[39m The following capabilities are not standard capabilities and should have an extension prefix:
&amp#27;[35m[BaseDriver]&amp#27;[39m   appium-version
&amp#27;[35m[BaseDriver]&amp#27;[39m   isHeadless
&amp#27;[35m[Appium]&amp#27;[39m 
&amp#27;[35m[Appium]&amp#27;[39m ======================================================================
&amp#27;[35m[Appium]&amp#27;[39m   DEPRECATION WARNING:
&amp#27;[35m[Appium]&amp#27;[39m 
&amp#27;[35m[Appium]&amp#27;[39m   The 'automationName' capability was not provided in the desired 
&amp#27;[35m[Appium]&amp#27;[39m   capabilities for this Android session
&amp#27;[35m[Appium]&amp#27;[39m 
&amp#27;[35m[Appium]&amp#27;[39m   Setting 'automationName=UiAutomator2' by default and using the 
&amp#27;[35m[Appium]&amp#27;[39m   UiAutomator2 Driver
&amp#27;[35m[Appium]&amp#27;[39m 
&amp#27;[35m[Appium]&amp#27;[39m   The next major version of Appium (2.x) will **require** the 
&amp#27;[35m[Appium]&amp#27;[39m   'automationName' capability to be set for all sessions on all 
&amp#27;[35m[Appium]&amp#27;[39m   platforms
&amp#27;[35m[Appium]&amp#27;[39m 
&amp#27;[35m[Appium]&amp#27;[39m   In previous versions (Appium <= 1.13.x), the default was 
&amp#27;[35m[Appium]&amp#27;[39m   'automationName=UiAutomator1'
&amp#27;[35m[Appium]&amp#27;[39m 
&amp#27;[35m[Appium]&amp#27;[39m   If you wish to use that automation instead of UiAutomator2, please 
&amp#27;[35m[Appium]&amp#27;[39m   add 'automationName=UiAutomator1' to your desired capabilities
&amp#27;[35m[Appium]&amp#27;[39m 
&amp#27;[35m[Appium]&amp#27;[39m   For more information about drivers, please visit 
&amp#27;[35m[Appium]&amp#27;[39m   http://appium.io/docs/en/about-appium/intro/ and explore the 
&amp#27;[35m[Appium]&amp#27;[39m   'Drivers' menu
&amp#27;[35m[Appium]&amp#27;[39m 
&amp#27;[35m[Appium]&amp#27;[39m ======================================================================
&amp#27;[35m[Appium]&amp#27;[39m 
&amp#27;[35m[Appium]&amp#27;[39m Appium v1.18.1 creating new AndroidUiautomator2Driver (v1.56.1) session
[debug] &amp#27;[35m[BaseDriver]&amp#27;[39m W3C capabilities and MJSONWP desired capabilities were provided
[debug] &amp#27;[35m[BaseDriver]&amp#27;[39m Creating session with W3C capabilities: {
[debug] &amp#27;[35m[BaseDriver]&amp#27;[39m   "alwaysMatch": {
[debug] &amp#27;[35m[BaseDriver]&amp#27;[39m     "appium:appium-version": "1.15.1",
[debug] &amp#27;[35m[BaseDriver]&amp#27;[39m     "appium:isHeadless": true,
[debug] &amp#27;[35m[BaseDriver]&amp#27;[39m     "platformName": "android",
[debug] &amp#27;[35m[BaseDriver]&amp#27;[39m     "appium:app": "C:\\Users\\amankhan\\eclipse-workspace\\Com.ExitTest.Assignment\\App\\ApiDemos.apk",
[debug] &amp#27;[35m[BaseDriver]&amp#27;[39m     "appium:appActivity": ".ApiDemos",
[debug] &amp#27;[35m[BaseDriver]&amp#27;[39m     "appium:appPackage": "io.appium.android.apis",
[debug] &amp#27;[35m[BaseDriver]&amp#27;[39m     "appium:avdArgs": "-no-window",
[debug] &amp#27;[35m[BaseDriver]&amp#27;[39m     "appium:deviceName": "Android",
[debug] &amp#27;[35m[BaseDriver]&amp#27;[39m     "appium:platformVersion": "8.0"
[debug] &amp#27;[35m[BaseDriver]&amp#27;[39m   },
[debug] &amp#27;[35m[BaseDriver]&amp#27;[39m   "firstMatch": [
[debug] &amp#27;[35m[BaseDriver]&amp#27;[39m     {}
[debug] &amp#27;[35m[BaseDriver]&amp#27;[39m   ]
[debug] &amp#27;[35m[BaseDriver]&amp#27;[39m }
&amp#27;[35m[BaseDriver]&amp#27;[39m The following capabilities were provided, but are not recognized by Appium:
&amp#27;[35m[BaseDriver]&amp#27;[39m   appium-version
&amp#27;[35m[BaseDriver]&amp#27;[39m Session created with session id: d2be1212-5998-4d72-8823-c78b10b5098c
&amp#27;[35m[BaseDriver]&amp#27;[39m Using local app 'C:\Users\amankhan\eclipse-workspace\Com.ExitTest.Assignment\App\ApiDemos.apk'
[debug] &amp#27;[35m[UiAutomator2]&amp#27;[39m Checking whether app is actually present
&amp#27;[35m[ADB]&amp#27;[39m Found 2 'build-tools' folders under 'C:\Users\amankhan\AppData\Local\Android\Sdk' (newest first):
&amp#27;[35m[ADB]&amp#27;[39m     C:/Users/amankhan/AppData/Local/Android/Sdk/build-tools/33.0.1
&amp#27;[35m[ADB]&amp#27;[39m     C:/Users/amankhan/AppData/Local/Android/Sdk/build-tools/30.0.3
&amp#27;[35m[ADB]&amp#27;[39m Using 'adb.exe' from 'C:\Users\amankhan\AppData\Local\Android\Sdk\platform-tools\adb.exe'
[debug] &amp#27;[35m[ADB]&amp#27;[39m Running 'C:\Users\amankhan\AppData\Local\Android\Sdk\platform-tools\adb.exe -P 5037 start-server'
&amp#27;[35m[AndroidDriver]&amp#27;[39m Retrieving device list
[debug] &amp#27;[35m[ADB]&amp#27;[39m Trying to find a connected android device
[debug] &amp#27;[35m[ADB]&amp#27;[39m Getting connected devices
[debug] &amp#27;[35m[ADB]&amp#27;[39m No connected devices have been detected
[debug] &amp#27;[35m[ADB]&amp#27;[39m Could not find online devices
[debug] &amp#27;[35m[ADB]&amp#27;[39m Reconnecting adb (target offline)
[debug] &amp#27;[35m[ADB]&amp#27;[39m Running 'C:\Users\amankhan\AppData\Local\Android\Sdk\platform-tools\adb.exe -P 5037 reconnect offline'
[debug] &amp#27;[35m[ADB]&amp#27;[39m Getting connected devices
[debug] &amp#27;[35m[ADB]&amp#27;[39m No connected devices have been detected
[debug] &amp#27;[35m[ADB]&amp#27;[39m Could not find online devices
[debug] &amp#27;[35m[ADB]&amp#27;[39m Reconnecting adb (target offline)
[debug] &amp#27;[35m[ADB]&amp#27;[39m Running 'C:\Users\amankhan\AppData\Local\Android\Sdk\platform-tools\adb.exe -P 5037 reconnect offline'
[debug] &amp#27;[35m[ADB]&amp#27;[39m Getting connected devices
[debug] &amp#27;[35m[ADB]&amp#27;[39m No connected devices have been detected
[debug] &amp#27;[35m[ADB]&amp#27;[39m Could not find online devices
[debug] &amp#27;[35m[ADB]&amp#27;[39m Reconnecting adb (target offline)
[debug] &amp#27;[35m[ADB]&amp#27;[39m Running 'C:\Users\amankhan\AppData\Local\Android\Sdk\platform-tools\adb.exe -P 5037 reconnect offline'
[debug] &amp#27;[35m[ADB]&amp#27;[39m Getting connected devices
[debug] &amp#27;[35m[ADB]&amp#27;[39m No connected devices have been detected
[debug] &amp#27;[35m[ADB]&amp#27;[39m Could not find online devices
[debug] &amp#27;[35m[ADB]&amp#27;[39m Reconnecting adb (target offline)
[debug] &amp#27;[35m[ADB]&amp#27;[39m Running 'C:\Users\amankhan\AppData\Local\Android\Sdk\platform-tools\adb.exe -P 5037 reconnect offline'
[debug] &amp#27;[35m[ADB]&amp#27;[39m Getting connected devices
[debug] &amp#27;[35m[ADB]&amp#27;[39m No connected devices have been detected
[debug] &amp#27;[35m[ADB]&amp#27;[39m Could not find online devices
[debug] &amp#27;[35m[ADB]&amp#27;[39m Reconnecting adb (target offline)
[debug] &amp#27;[35m[ADB]&amp#27;[39m Running 'C:\Users\amankhan\AppData\Local\Android\Sdk\platform-tools\adb.exe -P 5037 reconnect offline'
[debug] &amp#27;[35m[ADB]&amp#27;[39m Getting connected devices
[debug] &amp#27;[35m[ADB]&amp#27;[39m No connected devices have been detected
[debug] &amp#27;[35m[ADB]&amp#27;[39m Could not find online devices
[debug] &amp#27;[35m[ADB]&amp#27;[39m Reconnecting adb (target offline)
[debug] &amp#27;[35m[ADB]&amp#27;[39m Running 'C:\Users\amankhan\AppData\Local\Android\Sdk\platform-tools\adb.exe -P 5037 reconnect offline'
[debug] &amp#27;[35m[ADB]&amp#27;[39m Getting connected devices
[debug] &amp#27;[35m[ADB]&amp#27;[39m No connected devices have been detected
[debug] &amp#27;[35m[ADB]&amp#27;[39m Could not find online devices
[debug] &amp#27;[35m[ADB]&amp#27;[39m Reconnecting adb (target offline)
[debug] &amp#27;[35m[ADB]&amp#27;[39m Running 'C:\Users\amankhan\AppData\Local\Android\Sdk\platform-tools\adb.exe -P 5037 reconnect offline'
[debug] &amp#27;[35m[ADB]&amp#27;[39m Getting connected devices
[debug] &amp#27;[35m[ADB]&amp#27;[39m No connected devices have been detected
[debug] &amp#27;[35m[ADB]&amp#27;[39m Could not find online devices
[debug] &amp#27;[35m[ADB]&amp#27;[39m Reconnecting adb (target offline)
[debug] &amp#27;[35m[ADB]&amp#27;[39m Running 'C:\Users\amankhan\AppData\Local\Android\Sdk\platform-tools\adb.exe -P 5037 reconnect offline'
[debug] &amp#27;[35m[ADB]&amp#27;[39m Getting connected devices
[debug] &amp#27;[35m[ADB]&amp#27;[39m No connected devices have been detected
[debug] &amp#27;[35m[ADB]&amp#27;[39m Could not find online devices
[debug] &amp#27;[35m[ADB]&amp#27;[39m Reconnecting adb (target offline)
[debug] &amp#27;[35m[ADB]&amp#27;[39m Running 'C:\Users\amankhan\AppData\Local\Android\Sdk\platform-tools\adb.exe -P 5037 reconnect offline'
[debug] &amp#27;[35m[ADB]&amp#27;[39m Getting connected devices
[debug] &amp#27;[35m[ADB]&amp#27;[39m No connected devices have been detected
[debug] &amp#27;[35m[ADB]&amp#27;[39m Could not find online devices
[debug] &amp#27;[35m[ADB]&amp#27;[39m Reconnecting adb (target offline)
[debug] &amp#27;[35m[ADB]&amp#27;[39m Running 'C:\Users\amankhan\AppData\Local\Android\Sdk\platform-tools\adb.exe -P 5037 reconnect offline'
[debug] &amp#27;[35m[ADB]&amp#27;[39m Getting connected devices
[debug] &amp#27;[35m[ADB]&amp#27;[39m No connected devices have been detected
[debug] &amp#27;[35m[ADB]&amp#27;[39m Could not find online devices
[debug] &amp#27;[35m[ADB]&amp#27;[39m Reconnecting adb (target offline)
[debug] &amp#27;[35m[ADB]&amp#27;[39m Running 'C:\Users\amankhan\AppData\Local\Android\Sdk\platform-tools\adb.exe -P 5037 reconnect offline'
[debug] &amp#27;[35m[ADB]&amp#27;[39m Getting connected devices
[debug] &amp#27;[35m[ADB]&amp#27;[39m No connected devices have been detected
[debug] &amp#27;[35m[ADB]&amp#27;[39m Could not find online devices
[debug] &amp#27;[35m[ADB]&amp#27;[39m Reconnecting adb (target offline)
[debug] &amp#27;[35m[ADB]&amp#27;[39m Running 'C:\Users\amankhan\AppData\Local\Android\Sdk\platform-tools\adb.exe -P 5037 reconnect offline'
[debug] &amp#27;[35m[ADB]&amp#27;[39m Getting connected devices
[debug] &amp#27;[35m[ADB]&amp#27;[39m No connected devices have been detected
[debug] &amp#27;[35m[ADB]&amp#27;[39m Could not find online devices
[debug] &amp#27;[35m[ADB]&amp#27;[39m Reconnecting adb (target offline)
[debug] &amp#27;[35m[ADB]&amp#27;[39m Running 'C:\Users\amankhan\AppData\Local\Android\Sdk\platform-tools\adb.exe -P 5037 reconnect offline'
[debug] &amp#27;[35m[ADB]&amp#27;[39m Getting connected devices
[debug] &amp#27;[35m[ADB]&amp#27;[39m No connected devices have been detected
[debug] &amp#27;[35m[ADB]&amp#27;[39m Could not find online devices
[debug] &amp#27;[35m[ADB]&amp#27;[39m Reconnecting adb (target offline)
[debug] &amp#27;[35m[ADB]&amp#27;[39m Running 'C:\Users\amankhan\AppData\Local\Android\Sdk\platform-tools\adb.exe -P 5037 reconnect offline'
[debug] &amp#27;[35m[ADB]&amp#27;[39m Getting connected devices
[debug] &amp#27;[35m[ADB]&amp#27;[39m No connected devices have been detected
[debug] &amp#27;[35m[ADB]&amp#27;[39m Could not find online devices
[debug] &amp#27;[35m[ADB]&amp#27;[39m Reconnecting adb (target offline)
[debug] &amp#27;[35m[ADB]&amp#27;[39m Running 'C:\Users\amankhan\AppData\Local\Android\Sdk\platform-tools\adb.exe -P 5037 reconnect offline'
[debug] &amp#27;[35m[ADB]&amp#27;[39m Getting connected devices
[debug] &amp#27;[35m[ADB]&amp#27;[39m No connected devices have been detected
[debug] &amp#27;[35m[ADB]&amp#27;[39m Could not find online devices
[debug] &amp#27;[35m[ADB]&amp#27;[39m Reconnecting adb (target offline)
[debug] &amp#27;[35m[ADB]&amp#27;[39m Running 'C:\Users\amankhan\AppData\Local\Android\Sdk\platform-tools\adb.exe -P 5037 reconnect offline'
[debug] &amp#27;[35m[ADB]&amp#27;[39m Getting connected devices
[debug] &amp#27;[35m[ADB]&amp#27;[39m No connected devices have been detected
[debug] &amp#27;[35m[ADB]&amp#27;[39m Could not find online devices
[debug] &amp#27;[35m[ADB]&amp#27;[39m Reconnecting adb (target offline)
[debug] &amp#27;[35m[ADB]&amp#27;[39m Running 'C:\Users\amankhan\AppData\Local\Android\Sdk\platform-tools\adb.exe -P 5037 reconnect offline'
[debug] &amp#27;[35m[ADB]&amp#27;[39m Getting connected devices
[debug] &amp#27;[35m[ADB]&amp#27;[39m No connected devices have been detected
[debug] &amp#27;[35m[ADB]&amp#27;[39m Could not find online devices
[debug] &amp#27;[35m[ADB]&amp#27;[39m Reconnecting adb (target offline)
[debug] &amp#27;[35m[ADB]&amp#27;[39m Running 'C:\Users\amankhan\AppData\Local\Android\Sdk\platform-tools\adb.exe -P 5037 reconnect offline'
[debug] &amp#27;[35m[ADB]&amp#27;[39m Getting connected devices
[debug] &amp#27;[35m[ADB]&amp#27;[39m No connected devices have been detected
[debug] &amp#27;[35m[ADB]&amp#27;[39m Could not find online devices
[debug] &amp#27;[35m[ADB]&amp#27;[39m Reconnecting adb (target offline)
[debug] &amp#27;[35m[ADB]&amp#27;[39m Running 'C:\Users\amankhan\AppData\Local\Android\Sdk\platform-tools\adb.exe -P 5037 reconnect offline'
[debug] &amp#27;[35m[ADB]&amp#27;[39m Getting connected devices
[debug] &amp#27;[35m[ADB]&amp#27;[39m No connected devices have been detected
[debug] &amp#27;[35m[ADB]&amp#27;[39m Could not find online devices
[debug] &amp#27;[35m[ADB]&amp#27;[39m Reconnecting adb (target offline)
[debug] &amp#27;[35m[ADB]&amp#27;[39m Running 'C:\Users\amankhan\AppData\Local\Android\Sdk\platform-tools\adb.exe -P 5037 reconnect offline'
[debug] &amp#27;[35m[ADB]&amp#27;[39m Getting connected devices
[debug] &amp#27;[35m[ADB]&amp#27;[39m No connected devices have been detected
[debug] &amp#27;[35m[ADB]&amp#27;[39m Could not find online devices
[debug] &amp#27;[35m[ADB]&amp#27;[39m Reconnecting adb (target offline)
[debug] &amp#27;[35m[ADB]&amp#27;[39m Running 'C:\Users\amankhan\AppData\Local\Android\Sdk\platform-tools\adb.exe -P 5037 reconnect offline'
[debug] &amp#27;[35m[ADB]&amp#27;[39m Getting connected devices
[debug] &amp#27;[35m[ADB]&amp#27;[39m No connected devices have been detected
[debug] &amp#27;[35m[ADB]&amp#27;[39m Could not find online devices
[debug] &amp#27;[35m[ADB]&amp#27;[39m Reconnecting adb (target offline)
[debug] &amp#27;[35m[ADB]&amp#27;[39m Running 'C:\Users\amankhan\AppData\Local\Android\Sdk\platform-tools\adb.exe -P 5037 reconnect offline'
[debug] &amp#27;[35m[ADB]&amp#27;[39m Getting connected devices
[debug] &amp#27;[35m[ADB]&amp#27;[39m No connected devices have been detected
[debug] &amp#27;[35m[ADB]&amp#27;[39m Could not find online devices
[debug] &amp#27;[35m[ADB]&amp#27;[39m Reconnecting adb (target offline)
[debug] &amp#27;[35m[ADB]&amp#27;[39m Running 'C:\Users\amankhan\AppData\Local\Android\Sdk\platform-tools\adb.exe -P 5037 reconnect offline'
[debug] &amp#27;[35m[ADB]&amp#27;[39m Getting connected devices
[debug] &amp#27;[35m[ADB]&amp#27;[39m No connected devices have been detected
[debug] &amp#27;[35m[ADB]&amp#27;[39m Could not find online devices
[debug] &amp#27;[35m[ADB]&amp#27;[39m Reconnecting adb (target offline)
[debug] &amp#27;[35m[ADB]&amp#27;[39m Running 'C:\Users\amankhan\AppData\Local\Android\Sdk\platform-tools\adb.exe -P 5037 reconnect offline'
[debug] &amp#27;[35m[ADB]&amp#27;[39m Getting connected devices
[debug] &amp#27;[35m[ADB]&amp#27;[39m No connected devices have been detected
[debug] &amp#27;[35m[ADB]&amp#27;[39m Could not find online devices
[debug] &amp#27;[35m[ADB]&amp#27;[39m Reconnecting adb (target offline)
[debug] &amp#27;[35m[ADB]&amp#27;[39m Running 'C:\Users\amankhan\AppData\Local\Android\Sdk\platform-tools\adb.exe -P 5037 reconnect offline'
[debug] &amp#27;[35m[ADB]&amp#27;[39m Getting connected devices
[debug] &amp#27;[35m[ADB]&amp#27;[39m No connected devices have been detected
[debug] &amp#27;[35m[ADB]&amp#27;[39m Could not find online devices
[debug] &amp#27;[35m[ADB]&amp#27;[39m Reconnecting adb (target offline)
[debug] &amp#27;[35m[ADB]&amp#27;[39m Running 'C:\Users\amankhan\AppData\Local\Android\Sdk\platform-tools\adb.exe -P 5037 reconnect offline'
[debug] &amp#27;[35m[ADB]&amp#27;[39m Getting connected devices
[debug] &amp#27;[35m[ADB]&amp#27;[39m No connected devices have been detected
[debug] &amp#27;[35m[ADB]&amp#27;[39m Could not find online devices
[debug] &amp#27;[35m[ADB]&amp#27;[39m Reconnecting adb (target offline)
[debug] &amp#27;[35m[ADB]&amp#27;[39m Running 'C:\Users\amankhan\AppData\Local\Android\Sdk\platform-tools\adb.exe -P 5037 reconnect offline'
[debug] &amp#27;[35m[ADB]&amp#27;[39m Getting connected devices
[debug] &amp#27;[35m[ADB]&amp#27;[39m No connected devices have been detected
[debug] &amp#27;[35m[ADB]&amp#27;[39m Could not find online devices
[debug] &amp#27;[35m[ADB]&amp#27;[39m Reconnecting adb (target offline)
[debug] &amp#27;[35m[ADB]&amp#27;[39m Running 'C:\Users\amankhan\AppData\Local\Android\Sdk\platform-tools\adb.exe -P 5037 reconnect offline'
[debug] &amp#27;[35m[ADB]&amp#27;[39m Getting connected devices
[debug] &amp#27;[35m[ADB]&amp#27;[39m No connected devices have been detected
[debug] &amp#27;[35m[ADB]&amp#27;[39m Could not find online devices
[debug] &amp#27;[35m[ADB]&amp#27;[39m Reconnecting adb (target offline)
[debug] &amp#27;[35m[ADB]&amp#27;[39m Running 'C:\Users\amankhan\AppData\Local\Android\Sdk\platform-tools\adb.exe -P 5037 reconnect offline'
[debug] &amp#27;[35m[ADB]&amp#27;[39m Getting connected devices
[debug] &amp#27;[35m[ADB]&amp#27;[39m No connected devices have been detected
[debug] &amp#27;[35m[ADB]&amp#27;[39m Could not find online devices
[debug] &amp#27;[35m[ADB]&amp#27;[39m Reconnecting adb (target offline)
[debug] &amp#27;[35m[ADB]&amp#27;[39m Running 'C:\Users\amankhan\AppData\Local\Android\Sdk\platform-tools\adb.exe -P 5037 reconnect offline'
[debug] &amp#27;[35m[ADB]&amp#27;[39m Getting connected devices
[debug] &amp#27;[35m[ADB]&amp#27;[39m No connected devices have been detected
[debug] &amp#27;[35m[ADB]&amp#27;[39m Could not find online devices
[debug] &amp#27;[35m[ADB]&amp#27;[39m Reconnecting adb (target offline)
[debug] &amp#27;[35m[ADB]&amp#27;[39m Running 'C:\Users\amankhan\AppData\Local\Android\Sdk\platform-tools\adb.exe -P 5037 reconnect offline'
[debug] &amp#27;[35m[ADB]&amp#27;[39m Getting connected devices
[debug] &amp#27;[35m[ADB]&amp#27;[39m No connected devices have been detected
[debug] &amp#27;[35m[ADB]&amp#27;[39m Could not find online devices
[debug] &amp#27;[35m[ADB]&amp#27;[39m Reconnecting adb (target offline)
[debug] &amp#27;[35m[ADB]&amp#27;[39m Running 'C:\Users\amankhan\AppData\Local\Android\Sdk\platform-tools\adb.exe -P 5037 reconnect offline'
[debug] &amp#27;[35m[ADB]&amp#27;[39m Getting connected devices
[debug] &amp#27;[35m[ADB]&amp#27;[39m No connected devices have been detected
[debug] &amp#27;[35m[ADB]&amp#27;[39m Could not find online devices
[debug] &amp#27;[35m[ADB]&amp#27;[39m Reconnecting adb (target offline)
[debug] &amp#27;[35m[ADB]&amp#27;[39m Running 'C:\Users\amankhan\AppData\Local\Android\Sdk\platform-tools\adb.exe -P 5037 reconnect offline'
[debug] &amp#27;[35m[ADB]&amp#27;[39m Getting connected devices
[debug] &amp#27;[35m[ADB]&amp#27;[39m No connected devices have been detected
[debug] &amp#27;[35m[ADB]&amp#27;[39m Could not find online devices
[debug] &amp#27;[35m[ADB]&amp#27;[39m Reconnecting adb (target offline)
[debug] &amp#27;[35m[ADB]&amp#27;[39m Running 'C:\Users\amankhan\AppData\Local\Android\Sdk\platform-tools\adb.exe -P 5037 reconnect offline'
[debug] &amp#27;[35m[ADB]&amp#27;[39m Getting connected devices
[debug] &amp#27;[35m[ADB]&amp#27;[39m No connected devices have been detected
[debug] &amp#27;[35m[ADB]&amp#27;[39m Could not find online devices
[debug] &amp#27;[35m[ADB]&amp#27;[39m Reconnecting adb (target offline)
[debug] &amp#27;[35m[ADB]&amp#27;[39m Running 'C:\Users\amankhan\AppData\Local\Android\Sdk\platform-tools\adb.exe -P 5037 reconnect offline'
[debug] &amp#27;[35m[ADB]&amp#27;[39m Getting connected devices
[debug] &amp#27;[35m[ADB]&amp#27;[39m No connected devices have been detected
[debug] &amp#27;[35m[ADB]&amp#27;[39m Could not find online devices
[debug] &amp#27;[35m[ADB]&amp#27;[39m Reconnecting adb (target offline)
[debug] &amp#27;[35m[ADB]&amp#27;[39m Running 'C:\Users\amankhan\AppData\Local\Android\Sdk\platform-tools\adb.exe -P 5037 reconnect offline'
[debug] &amp#27;[35m[ADB]&amp#27;[39m Getting connected devices
[debug] &amp#27;[35m[ADB]&amp#27;[39m No connected devices have been detected
[debug] &amp#27;[35m[ADB]&amp#27;[39m Could not find online devices
[debug] &amp#27;[35m[ADB]&amp#27;[39m Reconnecting adb (target offline)
[debug] &amp#27;[35m[ADB]&amp#27;[39m Running 'C:\Users\amankhan\AppData\Local\Android\Sdk\platform-tools\adb.exe -P 5037 reconnect offline'
[debug] &amp#27;[35m[ADB]&amp#27;[39m Getting connected devices
[debug] &amp#27;[35m[ADB]&amp#27;[39m No connected devices have been detected
[debug] &amp#27;[35m[ADB]&amp#27;[39m Could not find online devices
[debug] &amp#27;[35m[ADB]&amp#27;[39m Reconnecting adb (target offline)
[debug] &amp#27;[35m[ADB]&amp#27;[39m Running 'C:\Users\amankhan\AppData\Local\Android\Sdk\platform-tools\adb.exe -P 5037 reconnect offline'
[debug] &amp#27;[35m[ADB]&amp#27;[39m Getting connected devices
[debug] &amp#27;[35m[ADB]&amp#27;[39m No connected devices have been detected
[debug] &amp#27;[35m[ADB]&amp#27;[39m Could not find online devices
[debug] &amp#27;[35m[ADB]&amp#27;[39m Reconnecting adb (target offline)
[debug] &amp#27;[35m[ADB]&amp#27;[39m Running 'C:\Users\amankhan\AppData\Local\Android\Sdk\platform-tools\adb.exe -P 5037 reconnect offline'
[debug] &amp#27;[35m[ADB]&amp#27;[39m Getting connected devices
[debug] &amp#27;[35m[ADB]&amp#27;[39m No connected devices have been detected
[debug] &amp#27;[35m[ADB]&amp#27;[39m Could not find online devices
[debug] &amp#27;[35m[ADB]&amp#27;[39m Reconnecting adb (target offline)
[debug] &amp#27;[35m[ADB]&amp#27;[39m Running 'C:\Users\amankhan\AppData\Local\Android\Sdk\platform-tools\adb.exe -P 5037 reconnect offline'
[debug] &amp#27;[35m[ADB]&amp#27;[39m Getting connected devices
[debug] &amp#27;[35m[ADB]&amp#27;[39m No connected devices have been detected
[debug] &amp#27;[35m[ADB]&amp#27;[39m Could not find online devices
[debug] &amp#27;[35m[ADB]&amp#27;[39m Reconnecting adb (target offline)
[debug] &amp#27;[35m[ADB]&amp#27;[39m Running 'C:\Users\amankhan\AppData\Local\Android\Sdk\platform-tools\adb.exe -P 5037 reconnect offline'
[debug] &amp#27;[35m[ADB]&amp#27;[39m Getting connected devices
[debug] &amp#27;[35m[ADB]&amp#27;[39m No connected devices have been detected
[debug] &amp#27;[35m[ADB]&amp#27;[39m Could not find online devices
[debug] &amp#27;[35m[ADB]&amp#27;[39m Reconnecting adb (target offline)
[debug] &amp#27;[35m[ADB]&amp#27;[39m Running 'C:\Users\amankhan\AppData\Local\Android\Sdk\platform-tools\adb.exe -P 5037 reconnect offline'
[debug] &amp#27;[35m[ADB]&amp#27;[39m Getting connected devices
[debug] &amp#27;[35m[ADB]&amp#27;[39m No connected devices have been detected
[debug] &amp#27;[35m[ADB]&amp#27;[39m Could not find online devices
[debug] &amp#27;[35m[ADB]&amp#27;[39m Reconnecting adb (target offline)
[debug] &amp#27;[35m[ADB]&amp#27;[39m Running 'C:\Users\amankhan\AppData\Local\Android\Sdk\platform-tools\adb.exe -P 5037 reconnect offline'
[debug] &amp#27;[35m[ADB]&amp#27;[39m Getting connected devices
[debug] &amp#27;[35m[ADB]&amp#27;[39m No connected devices have been detected
[debug] &amp#27;[35m[ADB]&amp#27;[39m Could not find online devices
[debug] &amp#27;[35m[ADB]&amp#27;[39m Reconnecting adb (target offline)
[debug] &amp#27;[35m[ADB]&amp#27;[39m Running 'C:\Users\amankhan\AppData\Local\Android\Sdk\platform-tools\adb.exe -P 5037 reconnect offline'
[debug] &amp#27;[35m[ADB]&amp#27;[39m Getting connected devices
[debug] &amp#27;[35m[ADB]&amp#27;[39m No connected devices have been detected
[debug] &amp#27;[35m[ADB]&amp#27;[39m Could not find online devices
[debug] &amp#27;[35m[ADB]&amp#27;[39m Reconnecting adb (target offline)
[debug] &amp#27;[35m[ADB]&amp#27;[39m Running 'C:\Users\amankhan\AppData\Local\Android\Sdk\platform-tools\adb.exe -P 5037 reconnect offline'
[debug] &amp#27;[35m[ADB]&amp#27;[39m Getting connected devices
[debug] &amp#27;[35m[ADB]&amp#27;[39m No connected devices have been detected
[debug] &amp#27;[35m[ADB]&amp#27;[39m Could not find online devices
[debug] &amp#27;[35m[ADB]&amp#27;[39m Reconnecting adb (target offline)
[debug] &amp#27;[35m[ADB]&amp#27;[39m Running 'C:\Users\amankhan\AppData\Local\Android\Sdk\platform-tools\adb.exe -P 5037 reconnect offline'
[debug] &amp#27;[35m[ADB]&amp#27;[39m Getting connected devices
[debug] &amp#27;[35m[ADB]&amp#27;[39m No connected devices have been detected
[debug] &amp#27;[35m[ADB]&amp#27;[39m Could not find online devices
[debug] &amp#27;[35m[ADB]&amp#27;[39m Reconnecting adb (target offline)
[debug] &amp#27;[35m[ADB]&amp#27;[39m Running 'C:\Users\amankhan\AppData\Local\Android\Sdk\platform-tools\adb.exe -P 5037 reconnect offline'
[debug] &amp#27;[35m[ADB]&amp#27;[39m Getting connected devices
[debug] &amp#27;[35m[ADB]&amp#27;[39m No connected devices have been detected
[debug] &amp#27;[35m[ADB]&amp#27;[39m Could not find online devices
[debug] &amp#27;[35m[ADB]&amp#27;[39m Reconnecting adb (target offline)
[debug] &amp#27;[35m[ADB]&amp#27;[39m Running 'C:\Users\amankhan\AppData\Local\Android\Sdk\platform-tools\adb.exe -P 5037 reconnect offline'
[debug] &amp#27;[35m[ADB]&amp#27;[39m Getting connected devices
[debug] &amp#27;[35m[ADB]&amp#27;[39m No connected devices have been detected
[debug] &amp#27;[35m[ADB]&amp#27;[39m Could not find online devices
[debug] &amp#27;[35m[ADB]&amp#27;[39m Reconnecting adb (target offline)
[debug] &amp#27;[35m[ADB]&amp#27;[39m Running 'C:\Users\amankhan\AppData\Local\Android\Sdk\platform-tools\adb.exe -P 5037 reconnect offline'
[debug] &amp#27;[35m[ADB]&amp#27;[39m Getting connected devices
[debug] &amp#27;[35m[ADB]&amp#27;[39m No connected devices have been detected
[debug] &amp#27;[35m[ADB]&amp#27;[39m Could not find online devices
[debug] &amp#27;[35m[ADB]&amp#27;[39m Reconnecting adb (target offline)
[debug] &amp#27;[35m[ADB]&amp#27;[39m Running 'C:\Users\amankhan\AppData\Local\Android\Sdk\platform-tools\adb.exe -P 5037 reconnect offline'
[debug] &amp#27;[35m[ADB]&amp#27;[39m Getting connected devices
[debug] &amp#27;[35m[ADB]&amp#27;[39m No connected devices have been detected
[debug] &amp#27;[35m[ADB]&amp#27;[39m Could not find online devices
[debug] &amp#27;[35m[ADB]&amp#27;[39m Reconnecting adb (target offline)
[debug] &amp#27;[35m[ADB]&amp#27;[39m Running 'C:\Users\amankhan\AppData\Local\Android\Sdk\platform-tools\adb.exe -P 5037 reconnect offline'
[debug] &amp#27;[35m[ADB]&amp#27;[39m Getting connected devices
[debug] &amp#27;[35m[ADB]&amp#27;[39m No connected devices have been detected
[debug] &amp#27;[35m[ADB]&amp#27;[39m Could not find online devices
[debug] &amp#27;[35m[ADB]&amp#27;[39m Reconnecting adb (target offline)
[debug] &amp#27;[35m[ADB]&amp#27;[39m Running 'C:\Users\amankhan\AppData\Local\Android\Sdk\platform-tools\adb.exe -P 5037 reconnect offline'
[debug] &amp#27;[35m[ADB]&amp#27;[39m Getting connected devices
[debug] &amp#27;[35m[ADB]&amp#27;[39m No connected devices have been detected
[debug] &amp#27;[35m[ADB]&amp#27;[39m Could not find online devices
[debug] &amp#27;[35m[ADB]&amp#27;[39m Reconnecting adb (target offline)
[debug] &amp#27;[35m[ADB]&amp#27;[39m Running 'C:\Users\amankhan\AppData\Local\Android\Sdk\platform-tools\adb.exe -P 5037 reconnect offline'
[debug] &amp#27;[35m[ADB]&amp#27;[39m Getting connected devices
[debug] &amp#27;[35m[ADB]&amp#27;[39m No connected devices have been detected
[debug] &amp#27;[35m[ADB]&amp#27;[39m Could not find online devices
[debug] &amp#27;[35m[ADB]&amp#27;[39m Reconnecting adb (target offline)
[debug] &amp#27;[35m[ADB]&amp#27;[39m Running 'C:\Users\amankhan\AppData\Local\Android\Sdk\platform-tools\adb.exe -P 5037 reconnect offline'
[debug] &amp#27;[35m[ADB]&amp#27;[39m Getting connected devices
[debug] &amp#27;[35m[ADB]&amp#27;[39m No connected devices have been detected
[debug] &amp#27;[35m[ADB]&amp#27;[39m Could not find online devices
[debug] &amp#27;[35m[ADB]&amp#27;[39m Reconnecting adb (target offline)
[debug] &amp#27;[35m[ADB]&amp#27;[39m Running 'C:\Users\amankhan\AppData\Local\Android\Sdk\platform-tools\adb.exe -P 5037 reconnect offline'
[debug] &amp#27;[35m[ADB]&amp#27;[39m Getting connected devices
[debug] &amp#27;[35m[ADB]&amp#27;[39m No connected devices have been detected
[debug] &amp#27;[35m[ADB]&amp#27;[39m Could not find online devices
[debug] &amp#27;[35m[ADB]&amp#27;[39m Reconnecting adb (target offline)
[debug] &amp#27;[35m[ADB]&amp#27;[39m Running 'C:\Users\amankhan\AppData\Local\Android\Sdk\platform-tools\adb.exe -P 5037 reconnect offline'
[debug] &amp#27;[35m[ADB]&amp#27;[39m Getting connected devices
[debug] &amp#27;[35m[ADB]&amp#27;[39m No connected devices have been detected
[debug] &amp#27;[35m[ADB]&amp#27;[39m Could not find online devices
[debug] &amp#27;[35m[ADB]&amp#27;[39m Reconnecting adb (target offline)
[debug] &amp#27;[35m[ADB]&amp#27;[39m Running 'C:\Users\amankhan\AppData\Local\Android\Sdk\platform-tools\adb.exe -P 5037 reconnect offline'
[debug] &amp#27;[35m[ADB]&amp#27;[39m Getting connected devices
[debug] &amp#27;[35m[ADB]&amp#27;[39m No connected devices have been detected
[debug] &amp#27;[35m[ADB]&amp#27;[39m Could not find online devices
[debug] &amp#27;[35m[ADB]&amp#27;[39m Reconnecting adb (target offline)
[debug] &amp#27;[35m[ADB]&amp#27;[39m Running 'C:\Users\amankhan\AppData\Local\Android\Sdk\platform-tools\adb.exe -P 5037 reconnect offline'
[debug] &amp#27;[35m[ADB]&amp#27;[39m Getting connected devices
[debug] &amp#27;[35m[ADB]&amp#27;[39m No connected devices have been detected
[debug] &amp#27;[35m[ADB]&amp#27;[39m Could not find online devices
[debug] &amp#27;[35m[ADB]&amp#27;[39m Reconnecting adb (target offline)
[debug] &amp#27;[35m[ADB]&amp#27;[39m Running 'C:\Users\amankhan\AppData\Local\Android\Sdk\platform-tools\adb.exe -P 5037 reconnect offline'
[debug] &amp#27;[35m[ADB]&amp#27;[39m Getting connected devices
[debug] &amp#27;[35m[ADB]&amp#27;[39m No connected devices have been detected
[debug] &amp#27;[35m[ADB]&amp#27;[39m Could not find online devices
[debug] &amp#27;[35m[ADB]&amp#27;[39m Reconnecting adb (target offline)
[debug] &amp#27;[35m[ADB]&amp#27;[39m Running 'C:\Users\amankhan\AppData\Local\Android\Sdk\platform-tools\adb.exe -P 5037 reconnect offline'
[debug] &amp#27;[35m[ADB]&amp#27;[39m Getting connected devices
[debug] &amp#27;[35m[ADB]&amp#27;[39m No connected devices have been detected
[debug] &amp#27;[35m[ADB]&amp#27;[39m Could not find online devices
[debug] &amp#27;[35m[ADB]&amp#27;[39m Reconnecting adb (target offline)
[debug] &amp#27;[35m[ADB]&amp#27;[39m Running 'C:\Users\amankhan\AppData\Local\Android\Sdk\platform-tools\adb.exe -P 5037 reconnect offline'
[debug] &amp#27;[35m[ADB]&amp#27;[39m Getting connected devices
[debug] &amp#27;[35m[ADB]&amp#27;[39m No connected devices have been detected
[debug] &amp#27;[35m[ADB]&amp#27;[39m Could not find online devices
[debug] &amp#27;[35m[ADB]&amp#27;[39m Reconnecting adb (target offline)
[debug] &amp#27;[35m[ADB]&amp#27;[39m Running 'C:\Users\amankhan\AppData\Local\Android\Sdk\platform-tools\adb.exe -P 5037 reconnect offline'
[debug] &amp#27;[35m[ADB]&amp#27;[39m Getting connected devices
[debug] &amp#27;[35m[ADB]&amp#27;[39m No connected devices have been detected
[debug] &amp#27;[35m[ADB]&amp#27;[39m Could not find online devices
[debug] &amp#27;[35m[ADB]&amp#27;[39m Reconnecting adb (target offline)
[debug] &amp#27;[35m[ADB]&amp#27;[39m Running 'C:\Users\amankhan\AppData\Local\Android\Sdk\platform-tools\adb.exe -P 5037 reconnect offline'
[debug] &amp#27;[35m[ADB]&amp#27;[39m Getting connected devices
[debug] &amp#27;[35m[ADB]&amp#27;[39m No connected devices have been detected
[debug] &amp#27;[35m[ADB]&amp#27;[39m Could not find online devices
[debug] &amp#27;[35m[ADB]&amp#27;[39m Reconnecting adb (target offline)
[debug] &amp#27;[35m[ADB]&amp#27;[39m Running 'C:\Users\amankhan\AppData\Local\Android\Sdk\platform-tools\adb.exe -P 5037 reconnect offline'
[debug] &amp#27;[35m[ADB]&amp#27;[39m Getting connected devices
[debug] &amp#27;[35m[ADB]&amp#27;[39m No connected devices have been detected
[debug] &amp#27;[35m[ADB]&amp#27;[39m Could not find online devices
[debug] &amp#27;[35m[ADB]&amp#27;[39m Reconnecting adb (target offline)
[debug] &amp#27;[35m[ADB]&amp#27;[39m Running 'C:\Users\amankhan\AppData\Local\Android\Sdk\platform-tools\adb.exe -P 5037 reconnect offline'
[debug] &amp#27;[35m[UiAutomator2]&amp#27;[39m Deleting UiAutomator2 session
[debug] &amp#27;[35m[BaseDriver]&amp#27;[39m Event 'newSessionStarted' logged at 1677925184002 (15:49:44 GMT+0530 (India Standard Time))
[debug] &amp#27;[35m[W3C]&amp#27;[39m Encountered internal error running command: Error: Could not find a connected Android device in 20166ms.
[debug] &amp#27;[35m[W3C]&amp#27;[39m     at getDevices (C:\Users\amankhan\AppData\Roaming\npm\node_modules\appium\node_modules\appium-adb\lib\tools\system-calls.js:267:13)
[debug] &amp#27;[35m[W3C]&amp#27;[39m     at getDevices (C:\Users\amankhan\AppData\Roaming\npm\node_modules\appium\node_modules\appium-adb\lib\tools\system-calls.js:284:18)
[debug] &amp#27;[35m[W3C]&amp#27;[39m     at getDevices (C:\Users\amankhan\AppData\Roaming\npm\node_modules\appium\node_modules\appium-adb\lib\tools\system-calls.js:284:12)
[debug] &amp#27;[35m[W3C]&amp#27;[39m     at getDevices (C:\Users\amankhan\AppData\Roaming\npm\node_modules\appium\node_modules\appium-adb\lib\tools\system-calls.js:284:12)
[debug] &amp#27;[35m[W3C]&amp#27;[39m     at getDevices (C:\Users\amankhan\AppData\Roaming\npm\node_modules\appium\node_modules\appium-adb\lib\tools\system-calls.js:284:12)
[debug] &amp#27;[35m[W3C]&amp#27;[39m     at getDevices (C:\Users\amankhan\AppData\Roaming\npm\node_modules\appium\node_modules\appium-adb\lib\tools\system-calls.js:284:12)
[debug] &amp#27;[35m[W3C]&amp#27;[39m     at getDevices (C:\Users\amankhan\AppData\Roaming\npm\node_modules\appium\node_modules\appium-adb\lib\tools\system-calls.js:284:12)
[debug] &amp#27;[35m[W3C]&amp#27;[39m     at getDevices (C:\Users\amankhan\AppData\Roaming\npm\node_modules\appium\node_modules\appium-adb\lib\tools\system-calls.js:284:12)
[debug] &amp#27;[35m[W3C]&amp#27;[39m     at getDevices (C:\Users\amankhan\AppData\Roaming\npm\node_modules\appium\node_modules\appium-adb\lib\tools\system-calls.js:284:12)
[debug] &amp#27;[35m[W3C]&amp#27;[39m     at getDevices (C:\Users\amankhan\AppData\Roaming\npm\node_modules\appium\node_modules\appium-adb\lib\tools\system-calls.js:284:12)
[debug] &amp#27;[35m[W3C]&amp#27;[39m     at getDevices (C:\Users\amankhan\AppData\Roaming\npm\node_modules\appium\node_modules\appium-adb\lib\tools\system-calls.js:284:12)
[debug] &amp#27;[35m[W3C]&amp#27;[39m     at getDevices (C:\Users\amankhan\AppData\Roaming\npm\node_modules\appium\node_modules\appium-adb\lib\tools\system-calls.js:284:12)
[debug] &amp#27;[35m[W3C]&amp#27;[39m     at getDevices (C:\Users\amankhan\AppData\Roaming\npm\node_modules\appium\node_modules\appium-adb\lib\tools\system-calls.js:284:12)
[debug] &amp#27;[35m[W3C]&amp#27;[39m     at getDevices (C:\Users\amankhan\AppData\Roaming\npm\node_modules\appium\node_modules\appium-adb\lib\tools\system-calls.js:284:12)
[debug] &amp#27;[35m[W3C]&amp#27;[39m     at getDevices (C:\Users\amankhan\AppData\Roaming\npm\node_modules\appium\node_modules\appium-adb\lib\tools\system-calls.js:284:12)
[debug] &amp#27;[35m[W3C]&amp#27;[39m     at getDevices (C:\Users\amankhan\AppData\Roaming\npm\node_modules\appium\node_modules\appium-adb\lib\tools\system-calls.js:284:12)
[debug] &amp#27;[35m[W3C]&amp#27;[39m Destroying socket connection
&amp#27;[35m[HTTP]&amp#27;[39m &amp#27;[37m<-- POST /wd/hub/session &amp#27;[39m&amp#27;[31m500&amp#27;[39m &amp#27;[90m23207 ms - 673&amp#27;[39m
[INFO ] 2023-03-04 15:49:44.251 [main] ManageLog4j - ApiDemos app is installed successfully
&amp#27;[35m[HTTP]&amp#27;[39m &amp#27;[90m&amp#27;[39m
  Given Api Demos app is launched and animation option is visible       # StepDefinitions.AnimationStep.api_demos_app_is_launched()
      java.lang.NullPointerException
	at Pages.AnimationPage.verify_Animation_actions(AnimationPage.java:26)
	at StepDefinitions.AnimationStep.api_demos_app_is_launched(AnimationStep.java:31)
	at âœ½.Api Demos app is launched and animation option is visible(file:///C:/Users/amankhan/eclipse-workspace/Com.ExitTest.Assignment/src/test/java/Features/Animation.feature:4)

  When User choose option named as Animation                            # StepDefinitions.AnimationStep.user_choose_option_named_as_animation()
  Then Default layout option appears                                    # StepDefinitions.AnimationStep.default_layout_option_appears()
  When User click on Default layout animation                           # StepDefinitions.AnimationStep.user_click_on_default_layout_animation()
  And User click on add button                                          # StepDefinitions.AnimationStep.user_click_on_add_button()
  Then User can see a button                                            # StepDefinitions.AnimationStep.user_can_see_a_button()
      java.lang.NullPointerException
	at StepDefinitions.Hooks.afterScenario(Hooks.java:50)

      java.lang.NullPointerException
	at StepDefinitions.Hooks.addScreenshot(Hooks.java:36)

]]></system-out>
    <system-err><![CDATA[SLF4J: Failed to load class "org.slf4j.impl.StaticLoggerBinder".
SLF4J: Defaulting to no-operation (NOP) logger implementation
SLF4J: See http://www.slf4j.org/codes.html#StaticLoggerBinder for further details.
org.openqa.selenium.WebDriverException: It is impossible to create a new session because 'createSession' which takes HttpClient, InputStream and long was not found or it is not accessible
Build info: version: '3.141.5', revision: 'd54ebd709a', time: '2018-11-06T11:42:16'
System info: host: 'IN-D3HJ0F3', ip: '192.168.1.3', os.name: 'Windows 11', os.arch: 'amd64', os.version: '10.0', java.version: '11.0.18'
Driver info: driver.version: AndroidDriver
	at io.appium.java_client.remote.AppiumCommandExecutor$1.createSession(AppiumCommandExecutor.java:195)
	at io.appium.java_client.remote.AppiumCommandExecutor.createSession(AppiumCommandExecutor.java:209)
	at io.appium.java_client.remote.AppiumCommandExecutor.execute(AppiumCommandExecutor.java:231)
	at org.openqa.selenium.remote.RemoteWebDriver.execute(RemoteWebDriver.java:552)
	at io.appium.java_client.DefaultGenericMobileDriver.execute(DefaultGenericMobileDriver.java:42)
	at io.appium.java_client.AppiumDriver.execute(AppiumDriver.java:1)
	at io.appium.java_client.android.AndroidDriver.execute(AndroidDriver.java:1)
	at org.openqa.selenium.remote.RemoteWebDriver.startSession(RemoteWebDriver.java:213)
	at org.openqa.selenium.remote.RemoteWebDriver.<init>(RemoteWebDriver.java:131)
	at io.appium.java_client.DefaultGenericMobileDriver.<init>(DefaultGenericMobileDriver.java:38)
	at io.appium.java_client.AppiumDriver.<init>(AppiumDriver.java:84)
	at io.appium.java_client.AppiumDriver.<init>(AppiumDriver.java:94)
	at io.appium.java_client.android.AndroidDriver.<init>(AndroidDriver.java:93)
	at BaseClass.Base.getAndroidDriver(Base.java:37)
	at StepDefinitions.Hooks.BeforeScenario(Hooks.java:44)
	at java.base/jdk.internal.reflect.NativeMethodAccessorImpl.invoke0(Native Method)
	at java.base/jdk.internal.reflect.NativeMethodAccessorImpl.invoke(NativeMethodAccessorImpl.java:62)
	at java.base/jdk.internal.reflect.DelegatingMethodAccessorImpl.invoke(DelegatingMethodAccessorImpl.java:43)
	at java.base/java.lang.reflect.Method.invoke(Method.java:566)
	at io.cucumber.java.Invoker.doInvoke(Invoker.java:66)
	at io.cucumber.java.Invoker.invoke(Invoker.java:24)
	at io.cucumber.java.AbstractGlueDefinition.invokeMethod(AbstractGlueDefinition.java:47)
	at io.cucumber.java.JavaHookDefinition.execute(JavaHookDefinition.java:64)
	at io.cucumber.core.runner.CoreHookDefinition.execute(CoreHookDefinition.java:46)
	at io.cucumber.core.runner.HookDefinitionMatch.runStep(HookDefinitionMatch.java:21)
	at io.cucumber.core.runner.ExecutionMode$1.execute(ExecutionMode.java:10)
	at io.cucumber.core.runner.TestStep.executeStep(TestStep.java:85)
	at io.cucumber.core.runner.TestStep.run(TestStep.java:57)
	at io.cucumber.core.runner.TestCase.run(TestCase.java:78)
	at io.cucumber.core.runner.Runner.runPickle(Runner.java:75)
	at io.cucumber.testng.TestNGCucumberRunner.lambda$runScenario$1(TestNGCucumberRunner.java:132)
	at io.cucumber.core.runtime.CucumberExecutionContext.lambda$runTestCase$5(CucumberExecutionContext.java:129)
	at io.cucumber.core.runtime.RethrowingThrowableCollector.executeAndThrow(RethrowingThrowableCollector.java:23)
	at io.cucumber.core.runtime.CucumberExecutionContext.runTestCase(CucumberExecutionContext.java:129)
	at io.cucumber.testng.TestNGCucumberRunner.runScenario(TestNGCucumberRunner.java:129)
	at io.cucumber.testng.AbstractTestNGCucumberTests.runScenario(AbstractTestNGCucumberTests.java:35)
	at java.base/jdk.internal.reflect.NativeMethodAccessorImpl.invoke0(Native Method)
	at java.base/jdk.internal.reflect.NativeMethodAccessorImpl.invoke(NativeMethodAccessorImpl.java:62)
	at java.base/jdk.internal.reflect.DelegatingMethodAccessorImpl.invoke(DelegatingMethodAccessorImpl.java:43)
	at java.base/java.lang.reflect.Method.invoke(Method.java:566)
	at org.testng.internal.invokers.MethodInvocationHelper.invokeMethod(MethodInvocationHelper.java:139)
	at org.testng.internal.invokers.TestInvoker.invokeMethod(TestInvoker.java:677)
	at org.testng.internal.invokers.TestInvoker.invokeTestMethod(TestInvoker.java:221)
	at org.testng.internal.invokers.MethodRunner.runInSequence(MethodRunner.java:50)
	at org.testng.internal.invokers.TestInvoker$MethodInvocationAgent.invoke(TestInvoker.java:969)
	at org.testng.internal.invokers.TestInvoker.invokeTestMethods(TestInvoker.java:194)
	at org.testng.internal.invokers.TestMethodWorker.invokeTestMethods(TestMethodWorker.java:148)
	at org.testng.internal.invokers.TestMethodWorker.run(TestMethodWorker.java:128)
	at java.base/java.util.ArrayList.forEach(ArrayList.java:1541)
	at org.testng.TestRunner.privateRun(TestRunner.java:829)
	at org.testng.TestRunner.run(TestRunner.java:602)
	at org.testng.SuiteRunner.runTest(SuiteRunner.java:437)
	at org.testng.SuiteRunner.runSequentially(SuiteRunner.java:431)
	at org.testng.SuiteRunner.privateRun(SuiteRunner.java:391)
	at org.testng.SuiteRunner.run(SuiteRunner.java:330)
	at org.testng.SuiteRunnerWorker.runSuite(SuiteRunnerWorker.java:52)
	at org.testng.SuiteRunnerWorker.run(SuiteRunnerWorker.java:95)
	at org.testng.TestNG.runSuitesSequentially(TestNG.java:1256)
	at org.testng.TestNG.runSuitesLocally(TestNG.java:1176)
	at org.testng.TestNG.runSuites(TestNG.java:1099)
	at org.testng.TestNG.run(TestNG.java:1067)
	at org.apache.maven.surefire.testng.TestNGExecutor.run(TestNGExecutor.java:284)
	at org.apache.maven.surefire.testng.TestNGXmlTestSuite.execute(TestNGXmlTestSuite.java:75)
	at org.apache.maven.surefire.testng.TestNGProvider.invoke(TestNGProvider.java:119)
	at org.apache.maven.surefire.booter.ForkedBooter.runSuitesInProcess(ForkedBooter.java:428)
	at org.apache.maven.surefire.booter.ForkedBooter.execute(ForkedBooter.java:162)
	at org.apache.maven.surefire.booter.ForkedBooter.run(ForkedBooter.java:562)
	at org.apache.maven.surefire.booter.ForkedBooter.main(ForkedBooter.java:548)
Caused by: java.lang.reflect.InvocationTargetException
	at java.base/jdk.internal.reflect.NativeMethodAccessorImpl.invoke0(Native Method)
	at java.base/jdk.internal.reflect.NativeMethodAccessorImpl.invoke(NativeMethodAccessorImpl.java:62)
	at java.base/jdk.internal.reflect.DelegatingMethodAccessorImpl.invoke(DelegatingMethodAccessorImpl.java:43)
	at java.base/java.lang.reflect.Method.invoke(Method.java:566)
	at io.appium.java_client.remote.AppiumCommandExecutor$1.createSession(AppiumCommandExecutor.java:185)
	... 67 more
Caused by: org.openqa.selenium.WebDriverException: An unknown server-side error occurred while processing the command. Original error: Could not find a connected Android device in 20166ms.
Build info: version: '3.141.5', revision: 'd54ebd709a', time: '2018-11-06T11:42:16'
System info: host: 'IN-D3HJ0F3', ip: '192.168.1.3', os.name: 'Windows 11', os.arch: 'amd64', os.version: '10.0', java.version: '11.0.18'
Driver info: driver.version: AndroidDriver
remote stacktrace: UnknownError: An unknown server-side error occurred while processing the command. Original error: Could not find a connected Android device in 20166ms.
    at getResponseForW3CError (C:\Users\amankhan\AppData\Roaming\npm\node_modules\appium\node_modules\appium-base-driver\lib\protocol\errors.js:804:9)
    at asyncHandler (C:\Users\amankhan\AppData\Roaming\npm\node_modules\appium\node_modules\appium-base-driver\lib\protocol\protocol.js:381:37)
	at java.base/jdk.internal.reflect.NativeConstructorAccessorImpl.newInstance0(Native Method)
	at java.base/jdk.internal.reflect.NativeConstructorAccessorImpl.newInstance(NativeConstructorAccessorImpl.java:62)
	at java.base/jdk.internal.reflect.DelegatingConstructorAccessorImpl.newInstance(DelegatingConstructorAccessorImpl.java:45)
	at java.base/java.lang.reflect.Constructor.newInstance(Constructor.java:490)
	at org.openqa.selenium.remote.W3CHandshakeResponse.lambda$errorHandler$0(W3CHandshakeResponse.java:62)
	at org.openqa.selenium.remote.HandshakeResponse.lambda$getResponseFunction$0(HandshakeResponse.java:30)
	at org.openqa.selenium.remote.ProtocolHandshake.lambda$createSession$0(ProtocolHandshake.java:123)
	at java.base/java.util.stream.ReferencePipeline$3$1.accept(ReferencePipeline.java:195)
	at java.base/java.util.Spliterators$ArraySpliterator.tryAdvance(Spliterators.java:958)
	at java.base/java.util.stream.ReferencePipeline.forEachWithCancel(ReferencePipeline.java:127)
	at java.base/java.util.stream.AbstractPipeline.copyIntoWithCancel(AbstractPipeline.java:502)
	at java.base/java.util.stream.AbstractPipeline.copyInto(AbstractPipeline.java:488)
	at java.base/java.util.stream.AbstractPipeline.wrapAndCopyInto(AbstractPipeline.java:474)
	at java.base/java.util.stream.FindOps$FindOp.evaluateSequential(FindOps.java:150)
	at java.base/java.util.stream.AbstractPipeline.evaluate(AbstractPipeline.java:234)
	at java.base/java.util.stream.ReferencePipeline.findFirst(ReferencePipeline.java:543)
	at org.openqa.selenium.remote.ProtocolHandshake.createSession(ProtocolHandshake.java:125)
	... 72 more
]]></system-err>
  </testcase>
  <testcase name="runScenario[&quot;Verify the Hide-show animation&quot;, &quot;LogTextbox option of API DEMOS app&quot;](2)" classname="Runner.RunnerTest" time="21.958">
    <failure type="java.lang.NullPointerException"><![CDATA[java.lang.NullPointerException
]]></failure>
    <system-out><![CDATA[
@test4
Scenario: Verify the Hide-show animation                          # src/test/java/Features/Animation.feature:16
&amp#27;[35m[HTTP]&amp#27;[39m &amp#27;[37m-->&amp#27;[39m &amp#27;[37mPOST&amp#27;[39m &amp#27;[37m/wd/hub/session&amp#27;[39m
&amp#27;[35m[HTTP]&amp#27;[39m &amp#27;[90m{"desiredCapabilities":{"app":"C:\\Users\\amankhan\\eclipse-workspace\\Com.ExitTest.Assignment\\App\\ApiDemos.apk","appActivity":".ApiDemos","appPackage":"io.appium.android.apis","isHeadless":true,"appium-version":"1.15.1","avdArgs":"-no-window","platformVersion":"8.0","platformName":"Android","deviceName":"Android"},"capabilities":{"alwaysMatch":{"appium:app":"C:\\Users\\amankhan\\eclipse-workspace\\Com.ExitTest.Assignment\\App\\ApiDemos.apk","appium:appActivity":".ApiDemos","appium:appPackage":"io.appium.android.apis","appium-version":"1.15.1","appium:avdArgs":"-no-window","appium:deviceName":"Android","isHeadless":true,"platformName":"android","appium:platformVersion":"8.0"},"firstMatch":[{}]}}&amp#27;[39m
[debug] &amp#27;[35m[W3C]&amp#27;[39m Calling AppiumDriver.createSession() with args: [{"app":"C:\\Users\\amankhan\\eclipse-workspace\\Com.ExitTest.Assignment\\App\\ApiDemos.apk","appActivity":".ApiDemos","appPackage":"io.appium.android.apis","isHeadless":true,"appium-version":"1.15.1","avdArgs":"-no-window","platformVersion":"8.0","platformName":"Android","deviceName":"Android"},null,{"alwaysMatch":{"appium:app":"C:\\Users\\amankhan\\eclipse-workspace\\Com.ExitTest.Assignment\\App\\ApiDemos.apk","appium:appActivity":".ApiDemos","appium:appPackage":"io.appium.android.apis","appium-version":"1.15.1","appium:avdArgs":"-no-window","appium:deviceName":"Android","isHeadless":true,"platformName":"android","appium:platformVersion":"8.0"},"firstMatch":[{}]}]
[debug] &amp#27;[35m[BaseDriver]&amp#27;[39m Event 'newSessionRequested' logged at 1677925185143 (15:49:45 GMT+0530 (India Standard Time))
&amp#27;[35m[BaseDriver]&amp#27;[39m The following capabilities are not standard capabilities and should have an extension prefix:
&amp#27;[35m[BaseDriver]&amp#27;[39m   appium-version
&amp#27;[35m[BaseDriver]&amp#27;[39m   isHeadless
&amp#27;[35m[Appium]&amp#27;[39m 
&amp#27;[35m[Appium]&amp#27;[39m ======================================================================
&amp#27;[35m[Appium]&amp#27;[39m   DEPRECATION WARNING:
&amp#27;[35m[Appium]&amp#27;[39m 
&amp#27;[35m[Appium]&amp#27;[39m   The 'automationName' capability was not provided in the desired 
&amp#27;[35m[Appium]&amp#27;[39m   capabilities for this Android session
&amp#27;[35m[Appium]&amp#27;[39m 
&amp#27;[35m[Appium]&amp#27;[39m   Setting 'automationName=UiAutomator2' by default and using the 
&amp#27;[35m[Appium]&amp#27;[39m   UiAutomator2 Driver
&amp#27;[35m[Appium]&amp#27;[39m 
&amp#27;[35m[Appium]&amp#27;[39m   The next major version of Appium (2.x) will **require** the 
&amp#27;[35m[Appium]&amp#27;[39m   'automationName' capability to be set for all sessions on all 
&amp#27;[35m[Appium]&amp#27;[39m   platforms
&amp#27;[35m[Appium]&amp#27;[39m 
&amp#27;[35m[Appium]&amp#27;[39m   In previous versions (Appium <= 1.13.x), the default was 
&amp#27;[35m[Appium]&amp#27;[39m   'automationName=UiAutomator1'
&amp#27;[35m[Appium]&amp#27;[39m 
&amp#27;[35m[Appium]&amp#27;[39m   If you wish to use that automation instead of UiAutomator2, please 
&amp#27;[35m[Appium]&amp#27;[39m   add 'automationName=UiAutomator1' to your desired capabilities
&amp#27;[35m[Appium]&amp#27;[39m 
&amp#27;[35m[Appium]&amp#27;[39m   For more information about drivers, please visit 
&amp#27;[35m[Appium]&amp#27;[39m   http://appium.io/docs/en/about-appium/intro/ and explore the 
&amp#27;[35m[Appium]&amp#27;[39m   'Drivers' menu
&amp#27;[35m[Appium]&amp#27;[39m 
&amp#27;[35m[Appium]&amp#27;[39m ======================================================================
&amp#27;[35m[Appium]&amp#27;[39m 
&amp#27;[35m[Appium]&amp#27;[39m Appium v1.18.1 creating new AndroidUiautomator2Driver (v1.56.1) session
[debug] &amp#27;[35m[BaseDriver]&amp#27;[39m W3C capabilities and MJSONWP desired capabilities were provided
[debug] &amp#27;[35m[BaseDriver]&amp#27;[39m Creating session with W3C capabilities: {
[debug] &amp#27;[35m[BaseDriver]&amp#27;[39m   "alwaysMatch": {
[debug] &amp#27;[35m[BaseDriver]&amp#27;[39m     "appium:appium-version": "1.15.1",
[debug] &amp#27;[35m[BaseDriver]&amp#27;[39m     "appium:isHeadless": true,
[debug] &amp#27;[35m[BaseDriver]&amp#27;[39m     "platformName": "android",
[debug] &amp#27;[35m[BaseDriver]&amp#27;[39m     "appium:app": "C:\\Users\\amankhan\\eclipse-workspace\\Com.ExitTest.Assignment\\App\\ApiDemos.apk",
[debug] &amp#27;[35m[BaseDriver]&amp#27;[39m     "appium:appActivity": ".ApiDemos",
[debug] &amp#27;[35m[BaseDriver]&amp#27;[39m     "appium:appPackage": "io.appium.android.apis",
[debug] &amp#27;[35m[BaseDriver]&amp#27;[39m     "appium:avdArgs": "-no-window",
[debug] &amp#27;[35m[BaseDriver]&amp#27;[39m     "appium:deviceName": "Android",
[debug] &amp#27;[35m[BaseDriver]&amp#27;[39m     "appium:platformVersion": "8.0"
[debug] &amp#27;[35m[BaseDriver]&amp#27;[39m   },
[debug] &amp#27;[35m[BaseDriver]&amp#27;[39m   "firstMatch": [
[debug] &amp#27;[35m[BaseDriver]&amp#27;[39m     {}
[debug] &amp#27;[35m[BaseDriver]&amp#27;[39m   ]
[debug] &amp#27;[35m[BaseDriver]&amp#27;[39m }
&amp#27;[35m[BaseDriver]&amp#27;[39m The following capabilities were provided, but are not recognized by Appium:
&amp#27;[35m[BaseDriver]&amp#27;[39m   appium-version
&amp#27;[35m[BaseDriver]&amp#27;[39m Session created with session id: 8a2b611c-b4ff-4f85-8e11-cbc0d3d5505a
&amp#27;[35m[BaseDriver]&amp#27;[39m Using local app 'C:\Users\amankhan\eclipse-workspace\Com.ExitTest.Assignment\App\ApiDemos.apk'
[debug] &amp#27;[35m[UiAutomator2]&amp#27;[39m Checking whether app is actually present
&amp#27;[35m[ADB]&amp#27;[39m Using 'adb.exe' from 'C:\Users\amankhan\AppData\Local\Android\Sdk\platform-tools\adb.exe'
[debug] &amp#27;[35m[ADB]&amp#27;[39m Running 'C:\Users\amankhan\AppData\Local\Android\Sdk\platform-tools\adb.exe -P 5037 start-server'
&amp#27;[35m[AndroidDriver]&amp#27;[39m Retrieving device list
[debug] &amp#27;[35m[ADB]&amp#27;[39m Trying to find a connected android device
[debug] &amp#27;[35m[ADB]&amp#27;[39m Getting connected devices
[debug] &amp#27;[35m[ADB]&amp#27;[39m No connected devices have been detected
[debug] &amp#27;[35m[ADB]&amp#27;[39m Could not find online devices
[debug] &amp#27;[35m[ADB]&amp#27;[39m Reconnecting adb (target offline)
[debug] &amp#27;[35m[ADB]&amp#27;[39m Running 'C:\Users\amankhan\AppData\Local\Android\Sdk\platform-tools\adb.exe -P 5037 reconnect offline'
[debug] &amp#27;[35m[ADB]&amp#27;[39m Getting connected devices
[debug] &amp#27;[35m[ADB]&amp#27;[39m No connected devices have been detected
[debug] &amp#27;[35m[ADB]&amp#27;[39m Could not find online devices
[debug] &amp#27;[35m[ADB]&amp#27;[39m Reconnecting adb (target offline)
[debug] &amp#27;[35m[ADB]&amp#27;[39m Running 'C:\Users\amankhan\AppData\Local\Android\Sdk\platform-tools\adb.exe -P 5037 reconnect offline'
[debug] &amp#27;[35m[ADB]&amp#27;[39m Getting connected devices
[debug] &amp#27;[35m[ADB]&amp#27;[39m No connected devices have been detected
[debug] &amp#27;[35m[ADB]&amp#27;[39m Could not find online devices
[debug] &amp#27;[35m[ADB]&amp#27;[39m Reconnecting adb (target offline)
[debug] &amp#27;[35m[ADB]&amp#27;[39m Running 'C:\Users\amankhan\AppData\Local\Android\Sdk\platform-tools\adb.exe -P 5037 reconnect offline'
[debug] &amp#27;[35m[ADB]&amp#27;[39m Getting connected devices
[debug] &amp#27;[35m[ADB]&amp#27;[39m No connected devices have been detected
[debug] &amp#27;[35m[ADB]&amp#27;[39m Could not find online devices
[debug] &amp#27;[35m[ADB]&amp#27;[39m Reconnecting adb (target offline)
[debug] &amp#27;[35m[ADB]&amp#27;[39m Running 'C:\Users\amankhan\AppData\Local\Android\Sdk\platform-tools\adb.exe -P 5037 reconnect offline'
[debug] &amp#27;[35m[ADB]&amp#27;[39m Getting connected devices
[debug] &amp#27;[35m[ADB]&amp#27;[39m No connected devices have been detected
[debug] &amp#27;[35m[ADB]&amp#27;[39m Could not find online devices
[debug] &amp#27;[35m[ADB]&amp#27;[39m Reconnecting adb (target offline)
[debug] &amp#27;[35m[ADB]&amp#27;[39m Running 'C:\Users\amankhan\AppData\Local\Android\Sdk\platform-tools\adb.exe -P 5037 reconnect offline'
[debug] &amp#27;[35m[ADB]&amp#27;[39m Getting connected devices
[debug] &amp#27;[35m[ADB]&amp#27;[39m No connected devices have been detected
[debug] &amp#27;[35m[ADB]&amp#27;[39m Could not find online devices
[debug] &amp#27;[35m[ADB]&amp#27;[39m Reconnecting adb (target offline)
[debug] &amp#27;[35m[ADB]&amp#27;[39m Running 'C:\Users\amankhan\AppData\Local\Android\Sdk\platform-tools\adb.exe -P 5037 reconnect offline'
[debug] &amp#27;[35m[ADB]&amp#27;[39m Getting connected devices
[debug] &amp#27;[35m[ADB]&amp#27;[39m No connected devices have been detected
[debug] &amp#27;[35m[ADB]&amp#27;[39m Could not find online devices
[debug] &amp#27;[35m[ADB]&amp#27;[39m Reconnecting adb (target offline)
[debug] &amp#27;[35m[ADB]&amp#27;[39m Running 'C:\Users\amankhan\AppData\Local\Android\Sdk\platform-tools\adb.exe -P 5037 reconnect offline'
[debug] &amp#27;[35m[ADB]&amp#27;[39m Getting connected devices
[debug] &amp#27;[35m[ADB]&amp#27;[39m No connected devices have been detected
[debug] &amp#27;[35m[ADB]&amp#27;[39m Could not find online devices
[debug] &amp#27;[35m[ADB]&amp#27;[39m Reconnecting adb (target offline)
[debug] &amp#27;[35m[ADB]&amp#27;[39m Running 'C:\Users\amankhan\AppData\Local\Android\Sdk\platform-tools\adb.exe -P 5037 reconnect offline'
[debug] &amp#27;[35m[ADB]&amp#27;[39m Getting connected devices
[debug] &amp#27;[35m[ADB]&amp#27;[39m No connected devices have been detected
[debug] &amp#27;[35m[ADB]&amp#27;[39m Could not find online devices
[debug] &amp#27;[35m[ADB]&amp#27;[39m Reconnecting adb (target offline)
[debug] &amp#27;[35m[ADB]&amp#27;[39m Running 'C:\Users\amankhan\AppData\Local\Android\Sdk\platform-tools\adb.exe -P 5037 reconnect offline'
[debug] &amp#27;[35m[ADB]&amp#27;[39m Getting connected devices
[debug] &amp#27;[35m[ADB]&amp#27;[39m No connected devices have been detected
[debug] &amp#27;[35m[ADB]&amp#27;[39m Could not find online devices
[debug] &amp#27;[35m[ADB]&amp#27;[39m Reconnecting adb (target offline)
[debug] &amp#27;[35m[ADB]&amp#27;[39m Running 'C:\Users\amankhan\AppData\Local\Android\Sdk\platform-tools\adb.exe -P 5037 reconnect offline'
[debug] &amp#27;[35m[ADB]&amp#27;[39m Getting connected devices
[debug] &amp#27;[35m[ADB]&amp#27;[39m No connected devices have been detected
[debug] &amp#27;[35m[ADB]&amp#27;[39m Could not find online devices
[debug] &amp#27;[35m[ADB]&amp#27;[39m Reconnecting adb (target offline)
[debug] &amp#27;[35m[ADB]&amp#27;[39m Running 'C:\Users\amankhan\AppData\Local\Android\Sdk\platform-tools\adb.exe -P 5037 reconnect offline'
[debug] &amp#27;[35m[ADB]&amp#27;[39m Getting connected devices
[debug] &amp#27;[35m[ADB]&amp#27;[39m No connected devices have been detected
[debug] &amp#27;[35m[ADB]&amp#27;[39m Could not find online devices
[debug] &amp#27;[35m[ADB]&amp#27;[39m Reconnecting adb (target offline)
[debug] &amp#27;[35m[ADB]&amp#27;[39m Running 'C:\Users\amankhan\AppData\Local\Android\Sdk\platform-tools\adb.exe -P 5037 reconnect offline'
[debug] &amp#27;[35m[ADB]&amp#27;[39m Getting connected devices
[debug] &amp#27;[35m[ADB]&amp#27;[39m No connected devices have been detected
[debug] &amp#27;[35m[ADB]&amp#27;[39m Could not find online devices
[debug] &amp#27;[35m[ADB]&amp#27;[39m Reconnecting adb (target offline)
[debug] &amp#27;[35m[ADB]&amp#27;[39m Running 'C:\Users\amankhan\AppData\Local\Android\Sdk\platform-tools\adb.exe -P 5037 reconnect offline'
[debug] &amp#27;[35m[ADB]&amp#27;[39m Getting connected devices
[debug] &amp#27;[35m[ADB]&amp#27;[39m No connected devices have been detected
[debug] &amp#27;[35m[ADB]&amp#27;[39m Could not find online devices
[debug] &amp#27;[35m[ADB]&amp#27;[39m Reconnecting adb (target offline)
[debug] &amp#27;[35m[ADB]&amp#27;[39m Running 'C:\Users\amankhan\AppData\Local\Android\Sdk\platform-tools\adb.exe -P 5037 reconnect offline'
[debug] &amp#27;[35m[ADB]&amp#27;[39m Getting connected devices
[debug] &amp#27;[35m[ADB]&amp#27;[39m No connected devices have been detected
[debug] &amp#27;[35m[ADB]&amp#27;[39m Could not find online devices
[debug] &amp#27;[35m[ADB]&amp#27;[39m Reconnecting adb (target offline)
[debug] &amp#27;[35m[ADB]&amp#27;[39m Running 'C:\Users\amankhan\AppData\Local\Android\Sdk\platform-tools\adb.exe -P 5037 reconnect offline'
[debug] &amp#27;[35m[ADB]&amp#27;[39m Getting connected devices
[debug] &amp#27;[35m[ADB]&amp#27;[39m No connected devices have been detected
[debug] &amp#27;[35m[ADB]&amp#27;[39m Could not find online devices
[debug] &amp#27;[35m[ADB]&amp#27;[39m Reconnecting adb (target offline)
[debug] &amp#27;[35m[ADB]&amp#27;[39m Running 'C:\Users\amankhan\AppData\Local\Android\Sdk\platform-tools\adb.exe -P 5037 reconnect offline'
[debug] &amp#27;[35m[ADB]&amp#27;[39m Getting connected devices
[debug] &amp#27;[35m[ADB]&amp#27;[39m No connected devices have been detected
[debug] &amp#27;[35m[ADB]&amp#27;[39m Could not find online devices
[debug] &amp#27;[35m[ADB]&amp#27;[39m Reconnecting adb (target offline)
[debug] &amp#27;[35m[ADB]&amp#27;[39m Running 'C:\Users\amankhan\AppData\Local\Android\Sdk\platform-tools\adb.exe -P 5037 reconnect offline'
[debug] &amp#27;[35m[ADB]&amp#27;[39m Getting connected devices
[debug] &amp#27;[35m[ADB]&amp#27;[39m No connected devices have been detected
[debug] &amp#27;[35m[ADB]&amp#27;[39m Could not find online devices
[debug] &amp#27;[35m[ADB]&amp#27;[39m Reconnecting adb (target offline)
[debug] &amp#27;[35m[ADB]&amp#27;[39m Running 'C:\Users\amankhan\AppData\Local\Android\Sdk\platform-tools\adb.exe -P 5037 reconnect offline'
[debug] &amp#27;[35m[ADB]&amp#27;[39m Getting connected devices
[debug] &amp#27;[35m[ADB]&amp#27;[39m No connected devices have been detected
[debug] &amp#27;[35m[ADB]&amp#27;[39m Could not find online devices
[debug] &amp#27;[35m[ADB]&amp#27;[39m Reconnecting adb (target offline)
[debug] &amp#27;[35m[ADB]&amp#27;[39m Running 'C:\Users\amankhan\AppData\Local\Android\Sdk\platform-tools\adb.exe -P 5037 reconnect offline'
[debug] &amp#27;[35m[ADB]&amp#27;[39m Getting connected devices
[debug] &amp#27;[35m[ADB]&amp#27;[39m No connected devices have been detected
[debug] &amp#27;[35m[ADB]&amp#27;[39m Could not find online devices
[debug] &amp#27;[35m[ADB]&amp#27;[39m Reconnecting adb (target offline)
[debug] &amp#27;[35m[ADB]&amp#27;[39m Running 'C:\Users\amankhan\AppData\Local\Android\Sdk\platform-tools\adb.exe -P 5037 reconnect offline'
[debug] &amp#27;[35m[ADB]&amp#27;[39m Getting connected devices
[debug] &amp#27;[35m[ADB]&amp#27;[39m No connected devices have been detected
[debug] &amp#27;[35m[ADB]&amp#27;[39m Could not find online devices
[debug] &amp#27;[35m[ADB]&amp#27;[39m Reconnecting adb (target offline)
[debug] &amp#27;[35m[ADB]&amp#27;[39m Running 'C:\Users\amankhan\AppData\Local\Android\Sdk\platform-tools\adb.exe -P 5037 reconnect offline'
[debug] &amp#27;[35m[ADB]&amp#27;[39m Getting connected devices
[debug] &amp#27;[35m[ADB]&amp#27;[39m No connected devices have been detected
[debug] &amp#27;[35m[ADB]&amp#27;[39m Could not find online devices
[debug] &amp#27;[35m[ADB]&amp#27;[39m Reconnecting adb (target offline)
[debug] &amp#27;[35m[ADB]&amp#27;[39m Running 'C:\Users\amankhan\AppData\Local\Android\Sdk\platform-tools\adb.exe -P 5037 reconnect offline'
[debug] &amp#27;[35m[ADB]&amp#27;[39m Getting connected devices
[debug] &amp#27;[35m[ADB]&amp#27;[39m No connected devices have been detected
[debug] &amp#27;[35m[ADB]&amp#27;[39m Could not find online devices
[debug] &amp#27;[35m[ADB]&amp#27;[39m Reconnecting adb (target offline)
[debug] &amp#27;[35m[ADB]&amp#27;[39m Running 'C:\Users\amankhan\AppData\Local\Android\Sdk\platform-tools\adb.exe -P 5037 reconnect offline'
[debug] &amp#27;[35m[ADB]&amp#27;[39m Getting connected devices
[debug] &amp#27;[35m[ADB]&amp#27;[39m No connected devices have been detected
[debug] &amp#27;[35m[ADB]&amp#27;[39m Could not find online devices
[debug] &amp#27;[35m[ADB]&amp#27;[39m Reconnecting adb (target offline)
[debug] &amp#27;[35m[ADB]&amp#27;[39m Running 'C:\Users\amankhan\AppData\Local\Android\Sdk\platform-tools\adb.exe -P 5037 reconnect offline'
[debug] &amp#27;[35m[ADB]&amp#27;[39m Getting connected devices
[debug] &amp#27;[35m[ADB]&amp#27;[39m No connected devices have been detected
[debug] &amp#27;[35m[ADB]&amp#27;[39m Could not find online devices
[debug] &amp#27;[35m[ADB]&amp#27;[39m Reconnecting adb (target offline)
[debug] &amp#27;[35m[ADB]&amp#27;[39m Running 'C:\Users\amankhan\AppData\Local\Android\Sdk\platform-tools\adb.exe -P 5037 reconnect offline'
[debug] &amp#27;[35m[ADB]&amp#27;[39m Getting connected devices
[debug] &amp#27;[35m[ADB]&amp#27;[39m No connected devices have been detected
[debug] &amp#27;[35m[ADB]&amp#27;[39m Could not find online devices
[debug] &amp#27;[35m[ADB]&amp#27;[39m Reconnecting adb (target offline)
[debug] &amp#27;[35m[ADB]&amp#27;[39m Running 'C:\Users\amankhan\AppData\Local\Android\Sdk\platform-tools\adb.exe -P 5037 reconnect offline'
[debug] &amp#27;[35m[ADB]&amp#27;[39m Getting connected devices
[debug] &amp#27;[35m[ADB]&amp#27;[39m No connected devices have been detected
[debug] &amp#27;[35m[ADB]&amp#27;[39m Could not find online devices
[debug] &amp#27;[35m[ADB]&amp#27;[39m Reconnecting adb (target offline)
[debug] &amp#27;[35m[ADB]&amp#27;[39m Running 'C:\Users\amankhan\AppData\Local\Android\Sdk\platform-tools\adb.exe -P 5037 reconnect offline'
[debug] &amp#27;[35m[ADB]&amp#27;[39m Getting connected devices
[debug] &amp#27;[35m[ADB]&amp#27;[39m No connected devices have been detected
[debug] &amp#27;[35m[ADB]&amp#27;[39m Could not find online devices
[debug] &amp#27;[35m[ADB]&amp#27;[39m Reconnecting adb (target offline)
[debug] &amp#27;[35m[ADB]&amp#27;[39m Running 'C:\Users\amankhan\AppData\Local\Android\Sdk\platform-tools\adb.exe -P 5037 reconnect offline'
[debug] &amp#27;[35m[ADB]&amp#27;[39m Getting connected devices
[debug] &amp#27;[35m[ADB]&amp#27;[39m No connected devices have been detected
[debug] &amp#27;[35m[ADB]&amp#27;[39m Could not find online devices
[debug] &amp#27;[35m[ADB]&amp#27;[39m Reconnecting adb (target offline)
[debug] &amp#27;[35m[ADB]&amp#27;[39m Running 'C:\Users\amankhan\AppData\Local\Android\Sdk\platform-tools\adb.exe -P 5037 reconnect offline'
[debug] &amp#27;[35m[ADB]&amp#27;[39m Getting connected devices
[debug] &amp#27;[35m[ADB]&amp#27;[39m No connected devices have been detected
[debug] &amp#27;[35m[ADB]&amp#27;[39m Could not find online devices
[debug] &amp#27;[35m[ADB]&amp#27;[39m Reconnecting adb (target offline)
[debug] &amp#27;[35m[ADB]&amp#27;[39m Running 'C:\Users\amankhan\AppData\Local\Android\Sdk\platform-tools\adb.exe -P 5037 reconnect offline'
[debug] &amp#27;[35m[ADB]&amp#27;[39m Getting connected devices
[debug] &amp#27;[35m[ADB]&amp#27;[39m No connected devices have been detected
[debug] &amp#27;[35m[ADB]&amp#27;[39m Could not find online devices
[debug] &amp#27;[35m[ADB]&amp#27;[39m Reconnecting adb (target offline)
[debug] &amp#27;[35m[ADB]&amp#27;[39m Running 'C:\Users\amankhan\AppData\Local\Android\Sdk\platform-tools\adb.exe -P 5037 reconnect offline'
[debug] &amp#27;[35m[ADB]&amp#27;[39m Getting connected devices
[debug] &amp#27;[35m[ADB]&amp#27;[39m No connected devices have been detected
[debug] &amp#27;[35m[ADB]&amp#27;[39m Could not find online devices
[debug] &amp#27;[35m[ADB]&amp#27;[39m Reconnecting adb (target offline)
[debug] &amp#27;[35m[ADB]&amp#27;[39m Running 'C:\Users\amankhan\AppData\Local\Android\Sdk\platform-tools\adb.exe -P 5037 reconnect offline'
[debug] &amp#27;[35m[ADB]&amp#27;[39m Getting connected devices
[debug] &amp#27;[35m[ADB]&amp#27;[39m No connected devices have been detected
[debug] &amp#27;[35m[ADB]&amp#27;[39m Could not find online devices
[debug] &amp#27;[35m[ADB]&amp#27;[39m Reconnecting adb (target offline)
[debug] &amp#27;[35m[ADB]&amp#27;[39m Running 'C:\Users\amankhan\AppData\Local\Android\Sdk\platform-tools\adb.exe -P 5037 reconnect offline'
[debug] &amp#27;[35m[ADB]&amp#27;[39m Getting connected devices
[debug] &amp#27;[35m[ADB]&amp#27;[39m No connected devices have been detected
[debug] &amp#27;[35m[ADB]&amp#27;[39m Could not find online devices
[debug] &amp#27;[35m[ADB]&amp#27;[39m Reconnecting adb (target offline)
[debug] &amp#27;[35m[ADB]&amp#27;[39m Running 'C:\Users\amankhan\AppData\Local\Android\Sdk\platform-tools\adb.exe -P 5037 reconnect offline'
[debug] &amp#27;[35m[ADB]&amp#27;[39m Getting connected devices
[debug] &amp#27;[35m[ADB]&amp#27;[39m No connected devices have been detected
[debug] &amp#27;[35m[ADB]&amp#27;[39m Could not find online devices
[debug] &amp#27;[35m[ADB]&amp#27;[39m Reconnecting adb (target offline)
[debug] &amp#27;[35m[ADB]&amp#27;[39m Running 'C:\Users\amankhan\AppData\Local\Android\Sdk\platform-tools\adb.exe -P 5037 reconnect offline'
[debug] &amp#27;[35m[ADB]&amp#27;[39m Getting connected devices
[debug] &amp#27;[35m[ADB]&amp#27;[39m No connected devices have been detected
[debug] &amp#27;[35m[ADB]&amp#27;[39m Could not find online devices
[debug] &amp#27;[35m[ADB]&amp#27;[39m Reconnecting adb (target offline)
[debug] &amp#27;[35m[ADB]&amp#27;[39m Running 'C:\Users\amankhan\AppData\Local\Android\Sdk\platform-tools\adb.exe -P 5037 reconnect offline'
[debug] &amp#27;[35m[ADB]&amp#27;[39m Getting connected devices
[debug] &amp#27;[35m[ADB]&amp#27;[39m No connected devices have been detected
[debug] &amp#27;[35m[ADB]&amp#27;[39m Could not find online devices
[debug] &amp#27;[35m[ADB]&amp#27;[39m Reconnecting adb (target offline)
[debug] &amp#27;[35m[ADB]&amp#27;[39m Running 'C:\Users\amankhan\AppData\Local\Android\Sdk\platform-tools\adb.exe -P 5037 reconnect offline'
[debug] &amp#27;[35m[ADB]&amp#27;[39m Getting connected devices
[debug] &amp#27;[35m[ADB]&amp#27;[39m No connected devices have been detected
[debug] &amp#27;[35m[ADB]&amp#27;[39m Could not find online devices
[debug] &amp#27;[35m[ADB]&amp#27;[39m Reconnecting adb (target offline)
[debug] &amp#27;[35m[ADB]&amp#27;[39m Running 'C:\Users\amankhan\AppData\Local\Android\Sdk\platform-tools\adb.exe -P 5037 reconnect offline'
[debug] &amp#27;[35m[ADB]&amp#27;[39m Getting connected devices
[debug] &amp#27;[35m[ADB]&amp#27;[39m No connected devices have been detected
[debug] &amp#27;[35m[ADB]&amp#27;[39m Could not find online devices
[debug] &amp#27;[35m[ADB]&amp#27;[39m Reconnecting adb (target offline)
[debug] &amp#27;[35m[ADB]&amp#27;[39m Running 'C:\Users\amankhan\AppData\Local\Android\Sdk\platform-tools\adb.exe -P 5037 reconnect offline'
[debug] &amp#27;[35m[ADB]&amp#27;[39m Getting connected devices
[debug] &amp#27;[35m[ADB]&amp#27;[39m No connected devices have been detected
[debug] &amp#27;[35m[ADB]&amp#27;[39m Could not find online devices
[debug] &amp#27;[35m[ADB]&amp#27;[39m Reconnecting adb (target offline)
[debug] &amp#27;[35m[ADB]&amp#27;[39m Running 'C:\Users\amankhan\AppData\Local\Android\Sdk\platform-tools\adb.exe -P 5037 reconnect offline'
[debug] &amp#27;[35m[ADB]&amp#27;[39m Getting connected devices
[debug] &amp#27;[35m[ADB]&amp#27;[39m No connected devices have been detected
[debug] &amp#27;[35m[ADB]&amp#27;[39m Could not find online devices
[debug] &amp#27;[35m[ADB]&amp#27;[39m Reconnecting adb (target offline)
[debug] &amp#27;[35m[ADB]&amp#27;[39m Running 'C:\Users\amankhan\AppData\Local\Android\Sdk\platform-tools\adb.exe -P 5037 reconnect offline'
[debug] &amp#27;[35m[ADB]&amp#27;[39m Getting connected devices
[debug] &amp#27;[35m[ADB]&amp#27;[39m No connected devices have been detected
[debug] &amp#27;[35m[ADB]&amp#27;[39m Could not find online devices
[debug] &amp#27;[35m[ADB]&amp#27;[39m Reconnecting adb (target offline)
[debug] &amp#27;[35m[ADB]&amp#27;[39m Running 'C:\Users\amankhan\AppData\Local\Android\Sdk\platform-tools\adb.exe -P 5037 reconnect offline'
[debug] &amp#27;[35m[ADB]&amp#27;[39m Getting connected devices
[debug] &amp#27;[35m[ADB]&amp#27;[39m No connected devices have been detected
[debug] &amp#27;[35m[ADB]&amp#27;[39m Could not find online devices
[debug] &amp#27;[35m[ADB]&amp#27;[39m Reconnecting adb (target offline)
[debug] &amp#27;[35m[ADB]&amp#27;[39m Running 'C:\Users\amankhan\AppData\Local\Android\Sdk\platform-tools\adb.exe -P 5037 reconnect offline'
[debug] &amp#27;[35m[ADB]&amp#27;[39m Getting connected devices
[debug] &amp#27;[35m[ADB]&amp#27;[39m No connected devices have been detected
[debug] &amp#27;[35m[ADB]&amp#27;[39m Could not find online devices
[debug] &amp#27;[35m[ADB]&amp#27;[39m Reconnecting adb (target offline)
[debug] &amp#27;[35m[ADB]&amp#27;[39m Running 'C:\Users\amankhan\AppData\Local\Android\Sdk\platform-tools\adb.exe -P 5037 reconnect offline'
[debug] &amp#27;[35m[ADB]&amp#27;[39m Getting connected devices
[debug] &amp#27;[35m[ADB]&amp#27;[39m No connected devices have been detected
[debug] &amp#27;[35m[ADB]&amp#27;[39m Could not find online devices
[debug] &amp#27;[35m[ADB]&amp#27;[39m Reconnecting adb (target offline)
[debug] &amp#27;[35m[ADB]&amp#27;[39m Running 'C:\Users\amankhan\AppData\Local\Android\Sdk\platform-tools\adb.exe -P 5037 reconnect offline'
[debug] &amp#27;[35m[ADB]&amp#27;[39m Getting connected devices
[debug] &amp#27;[35m[ADB]&amp#27;[39m No connected devices have been detected
[debug] &amp#27;[35m[ADB]&amp#27;[39m Could not find online devices
[debug] &amp#27;[35m[ADB]&amp#27;[39m Reconnecting adb (target offline)
[debug] &amp#27;[35m[ADB]&amp#27;[39m Running 'C:\Users\amankhan\AppData\Local\Android\Sdk\platform-tools\adb.exe -P 5037 reconnect offline'
[debug] &amp#27;[35m[ADB]&amp#27;[39m Getting connected devices
[debug] &amp#27;[35m[ADB]&amp#27;[39m No connected devices have been detected
[debug] &amp#27;[35m[ADB]&amp#27;[39m Could not find online devices
[debug] &amp#27;[35m[ADB]&amp#27;[39m Reconnecting adb (target offline)
[debug] &amp#27;[35m[ADB]&amp#27;[39m Running 'C:\Users\amankhan\AppData\Local\Android\Sdk\platform-tools\adb.exe -P 5037 reconnect offline'
[debug] &amp#27;[35m[ADB]&amp#27;[39m Getting connected devices
[debug] &amp#27;[35m[ADB]&amp#27;[39m No connected devices have been detected
[debug] &amp#27;[35m[ADB]&amp#27;[39m Could not find online devices
[debug] &amp#27;[35m[ADB]&amp#27;[39m Reconnecting adb (target offline)
[debug] &amp#27;[35m[ADB]&amp#27;[39m Running 'C:\Users\amankhan\AppData\Local\Android\Sdk\platform-tools\adb.exe -P 5037 reconnect offline'
[debug] &amp#27;[35m[ADB]&amp#27;[39m Getting connected devices
[debug] &amp#27;[35m[ADB]&amp#27;[39m No connected devices have been detected
[debug] &amp#27;[35m[ADB]&amp#27;[39m Could not find online devices
[debug] &amp#27;[35m[ADB]&amp#27;[39m Reconnecting adb (target offline)
[debug] &amp#27;[35m[ADB]&amp#27;[39m Running 'C:\Users\amankhan\AppData\Local\Android\Sdk\platform-tools\adb.exe -P 5037 reconnect offline'
[debug] &amp#27;[35m[ADB]&amp#27;[39m Getting connected devices
[debug] &amp#27;[35m[ADB]&amp#27;[39m No connected devices have been detected
[debug] &amp#27;[35m[ADB]&amp#27;[39m Could not find online devices
[debug] &amp#27;[35m[ADB]&amp#27;[39m Reconnecting adb (target offline)
[debug] &amp#27;[35m[ADB]&amp#27;[39m Running 'C:\Users\amankhan\AppData\Local\Android\Sdk\platform-tools\adb.exe -P 5037 reconnect offline'
[debug] &amp#27;[35m[ADB]&amp#27;[39m Getting connected devices
[debug] &amp#27;[35m[ADB]&amp#27;[39m No connected devices have been detected
[debug] &amp#27;[35m[ADB]&amp#27;[39m Could not find online devices
[debug] &amp#27;[35m[ADB]&amp#27;[39m Reconnecting adb (target offline)
[debug] &amp#27;[35m[ADB]&amp#27;[39m Running 'C:\Users\amankhan\AppData\Local\Android\Sdk\platform-tools\adb.exe -P 5037 reconnect offline'
[debug] &amp#27;[35m[UiAutomator2]&amp#27;[39m Deleting UiAutomator2 session
[debug] &amp#27;[35m[BaseDriver]&amp#27;[39m Event 'newSessionStarted' logged at 1677925205315 (15:50:05 GMT+0530 (India Standard Time))
[debug] &amp#27;[35m[W3C]&amp#27;[39m Encountered internal error running command: Error: Could not find a connected Android device in 20010ms.
[debug] &amp#27;[35m[W3C]&amp#27;[39m     at getDevices (C:\Users\amankhan\AppData\Roaming\npm\node_modules\appium\node_modules\appium-adb\lib\tools\system-calls.js:267:13)
[debug] &amp#27;[35m[W3C]&amp#27;[39m     at getDevices (C:\Users\amankhan\AppData\Roaming\npm\node_modules\appium\node_modules\appium-adb\lib\tools\system-calls.js:284:18)
[...]
[debug] &amp#27;[35m[ADB]&amp#27;[39m Could not find online devices
[debug] &amp#27;[35m[ADB]&amp#27;[39m Reconnecting adb (target offline)
[debug] &amp#27;[35m[ADB]&amp#27;[39m Running 'C:\Users\amankhan\AppData\Local\Android\Sdk\platform-tools\adb.exe -P 5037 reconnect offline'
[debug] &amp#27;[35m[ADB]&amp#27;[39m Getting connected devices
[debug] &amp#27;[35m[ADB]&amp#27;[39m No connected devices have been detected
[debug] &amp#27;[35m[ADB]&amp#27;[39m Could not find online devices
[debug] &amp#27;[35m[ADB]&amp#27;[39m Reconnecting adb (target offline)
[debug] &amp#27;[35m[ADB]&amp#27;[39m Running 'C:\Users\amankhan\AppData\Local\Android\Sdk\platform-tools\adb.exe -P 5037 reconnect offline'
[debug] &amp#27;[35m[ADB]&amp#27;[39m Getting connected devices
[debug] &amp#27;[35m[ADB]&amp#27;[39m No connected devices have been detected
[debug] &amp#27;[35m[ADB]&amp#27;[39m Could not find online devices
[debug] &amp#27;[35m[ADB]&amp#27;[39m Reconnecting adb (target offline)
[debug] &amp#27;[35m[ADB]&amp#27;[39m Running 'C:\Users\amankhan\AppData\Local\Android\Sdk\platform-tools\adb.exe -P 5037 reconnect offline'
[debug] &amp#27;[35m[ADB]&amp#27;[39m Getting connected devices
[debug] &amp#27;[35m[ADB]&amp#27;[39m No connected devices have been detected
[debug] &amp#27;[35m[ADB]&amp#27;[39m Could not find online devices
[debug] &amp#27;[35m[ADB]&amp#27;[39m Reconnecting adb (target offline)
[debug] &amp#27;[35m[ADB]&amp#27;[39m Running 'C:\Users\amankhan\AppData\Local\Android\Sdk\platform-tools\adb.exe -P 5037 reconnect offline'
[debug] &amp#27;[35m[ADB]&amp#27;[39m Getting connected devices
[debug] &amp#27;[35m[ADB]&amp#27;[39m No connected devices have been detected
[debug] &amp#27;[35m[ADB]&amp#27;[39m Could not find online devices
[debug] &amp#27;[35m[ADB]&amp#27;[39m Reconnecting adb (target offline)
[debug] &amp#27;[35m[ADB]&amp#27;[39m Running 'C:\Users\amankhan\AppData\Local\Android\Sdk\platform-tools\adb.exe -P 5037 reconnect offline'
[debug] &amp#27;[35m[ADB]&amp#27;[39m Getting connected devices
[debug] &amp#27;[35m[ADB]&amp#27;[39m No connected devices have been detected
[debug] &amp#27;[35m[ADB]&amp#27;[39m Could not find online devices
[debug] &amp#27;[35m[ADB]&amp#27;[39m Reconnecting adb (target offline)
[debug] &amp#27;[35m[ADB]&amp#27;[39m Running 'C:\Users\amankhan\AppData\Local\Android\Sdk\platform-tools\adb.exe -P 5037 reconnect offline'
[debug] &amp#27;[35m[ADB]&amp#27;[39m Getting connected devices
[debug] &amp#27;[35m[ADB]&amp#27;[39m No connected devices have been detected
[debug] &amp#27;[35m[ADB]&amp#27;[39m Could not find online devices
[debug] &amp#27;[35m[ADB]&amp#27;[39m Reconnecting adb (target offline)
[debug] &amp#27;[35m[ADB]&amp#27;[39m Running 'C:\Users\amankhan\AppData\Local\Android\Sdk\platform-tools\adb.exe -P 5037 reconnect offline'
[debug] &amp#27;[35m[ADB]&amp#27;[39m Getting connected devices
[debug] &amp#27;[35m[ADB]&amp#27;[39m No connected devices have been detected
[debug] &amp#27;[35m[ADB]&amp#27;[39m Could not find online devices
[debug] &amp#27;[35m[ADB]&amp#27;[39m Reconnecting adb (target offline)
[debug] &amp#27;[35m[ADB]&amp#27;[39m Running 'C:\Users\amankhan\AppData\Local\Android\Sdk\platform-tools\adb.exe -P 5037 reconnect offline'
[debug] &amp#27;[35m[ADB]&amp#27;[39m Getting connected devices
[debug] &amp#27;[35m[ADB]&amp#27;[39m No connected devices have been detected
[debug] &amp#27;[35m[ADB]&amp#27;[39m Could not find online devices
[debug] &amp#27;[35m[ADB]&amp#27;[39m Reconnecting adb (target offline)
[debug] &amp#27;[35m[ADB]&amp#27;[39m Running 'C:\Users\amankhan\AppData\Local\Android\Sdk\platform-tools\adb.exe -P 5037 reconnect offline'
[debug] &amp#27;[35m[ADB]&amp#27;[39m Getting connected devices
[debug] &amp#27;[35m[ADB]&amp#27;[39m No connected devices have been detected
[debug] &amp#27;[35m[ADB]&amp#27;[39m Could not find online devices
[debug] &amp#27;[35m[ADB]&amp#27;[39m Reconnecting adb (target offline)
[debug] &amp#27;[35m[ADB]&amp#27;[39m Running 'C:\Users\amankhan\AppData\Local\Android\Sdk\platform-tools\adb.exe -P 5037 reconnect offline'
[debug] &amp#27;[35m[ADB]&amp#27;[39m Getting connected devices
[debug] &amp#27;[35m[ADB]&amp#27;[39m No connected devices have been detected
[debug] &amp#27;[35m[ADB]&amp#27;[39m Could not find online devices
[debug] &amp#27;[35m[ADB]&amp#27;[39m Reconnecting adb (target offline)
[debug] &amp#27;[35m[ADB]&amp#27;[39m Running 'C:\Users\amankhan\AppData\Local\Android\Sdk\platform-tools\adb.exe -P 5037 reconnect offline'
[debug] &amp#27;[35m[ADB]&amp#27;[39m Getting connected devices
[debug] &amp#27;[35m[ADB]&amp#27;[39m No connected devices have been detected
[debug] &amp#27;[35m[ADB]&amp#27;[39m Could not find online devices
[debug] &amp#27;[35m[ADB]&amp#27;[39m Reconnecting adb (target offline)
[debug] &amp#27;[35m[ADB]&amp#27;[39m Running 'C:\Users\amankhan\AppData\Local\Android\Sdk\platform-tools\adb.exe -P 5037 reconnect offline'
[debug] &amp#27;[35m[ADB]&amp#27;[39m Getting connected devices
[debug] &amp#27;[35m[ADB]&amp#27;[39m No connected devices have been detected
[debug] &amp#27;[35m[ADB]&amp#27;[39m Could not find online devices
[debug] &amp#27;[35m[ADB]&amp#27;[39m Reconnecting adb (target offline)
[debug] &amp#27;[35m[ADB]&amp#27;[39m Running 'C:\Users\amankhan\AppData\Local\Android\Sdk\platform-tools\adb.exe -P 5037 reconnect offline'
[debug] &amp#27;[35m[ADB]&amp#27;[39m Getting connected devices
[debug] &amp#27;[35m[ADB]&amp#27;[39m No connected devices have been detected
[debug] &amp#27;[35m[ADB]&amp#27;[39m Could not find online devices
[debug] &amp#27;[35m[ADB]&amp#27;[39m Reconnecting adb (target offline)
[debug] &amp#27;[35m[ADB]&amp#27;[39m Running 'C:\Users\amankhan\AppData\Local\Android\Sdk\platform-tools\adb.exe -P 5037 reconnect offline'
[debug] &amp#27;[35m[ADB]&amp#27;[39m Getting connected devices
[debug] &amp#27;[35m[ADB]&amp#27;[39m No connected devices have been detected
[debug] &amp#27;[35m[ADB]&amp#27;[39m Could not find online devices
[debug] &amp#27;[35m[ADB]&amp#27;[39m Reconnecting adb (target offline)
[debug] &amp#27;[35m[ADB]&amp#27;[39m Running 'C:\Users\amankhan\AppData\Local\Android\Sdk\platform-tools\adb.exe -P 5037 reconnect offline'
[debug] &amp#27;[35m[UiAutomator2]&amp#27;[39m Deleting UiAutomator2 session
[debug] &amp#27;[35m[BaseDriver]&amp#27;[39m Event 'newSessionStarted' logged at 1677925286808 (15:51:26 GMT+0530 (India Standard Time))
[debug] &amp#27;[35m[W3C]&amp#27;[39m Encountered internal error running command: Error: Could not find a connected Android device in 20039ms.
[debug] &amp#27;[35m[W3C]&amp#27;[39m     at getDevices (C:\Users\amankhan\AppData\Roaming\npm\node_modules\appium\node_modules\appium-adb\lib\tools\system-calls.js:267:13)
[debug] &amp#27;[35m[W3C]&amp#27;[39m     at getDevices (C:\Users\amankhan\AppData\Roaming\npm\node_modules\appium\node_modules\appium-adb\lib\tools\system-calls.js:284:18)
[debug] &amp#27;[35m[W3C]&amp#27;[39m     at getDevices (C:\Users\amankhan\AppData\Roaming\npm\node_modules\appium\node_modules\appium-adb\lib\tools\system-calls.js:284:12)
[debug] &amp#27;[35m[W3C]&amp#27;[39m     at getDevices (C:\Users\amankhan\AppData\Roaming\npm\node_modules\appium\node_modules\appium-adb\lib\tools\system-calls.js:284:12)
[debug] &amp#27;[35m[W3C]&amp#27;[39m     at getDevices (C:\Users\amankhan\AppData\Roaming\npm\node_modules\appium\node_modules\appium-adb\lib\tools\system-calls.js:284:12)
[debug] &amp#27;[35m[W3C]&amp#27;[39m     at getDevices (C:\Users\amankhan\AppData\Roaming\npm\node_modules\appium\node_modules\appium-adb\lib\tools\system-calls.js:284:12)
[debug] &amp#27;[35m[W3C]&amp#27;[39m     at getDevices (C:\Users\amankhan\AppData\Roaming\npm\node_modules\appium\node_modules\appium-adb\lib\tools\system-calls.js:284:12)
[debug] &amp#27;[35m[W3C]&amp#27;[39m     at getDevices (C:\Users\amankhan\AppData\Roaming\npm\node_modules\appium\node_modules\appium-adb\lib\tools\system-calls.js:284:12)
[debug] &amp#27;[35m[W3C]&amp#27;[39m     at getDevices (C:\Users\amankhan\AppData\Roaming\npm\node_modules\appium\node_modules\appium-adb\lib\tools\system-calls.js:284:12)
[debug] &amp#27;[35m[W3C]&amp#27;[39m     at getDevices (C:\Users\amankhan\AppData\Roaming\npm\node_modules\appium\node_modules\appium-adb\lib\tools\system-calls.js:284:12)
[debug] &amp#27;[35m[W3C]&amp#27;[39m     at getDevices (C:\Users\amankhan\AppData\Roaming\npm\node_modules\appium\node_modules\appium-adb\lib\tools\system-calls.js:284:12)
[debug] &amp#27;[35m[W3C]&amp#27;[39m     at getDevices (C:\Users\amankhan\AppData\Roaming\npm\node_modules\appium\node_modules\appium-adb\lib\tools\system-calls.js:284:12)
[debug] &amp#27;[35m[W3C]&amp#27;[39m     at getDevices (C:\Users\amankhan\AppData\Roaming\npm\node_modules\appium\node_modules\appium-adb\lib\tools\system-calls.js:284:12)
[debug] &amp#27;[35m[W3C]&amp#27;[39m     at getDevices (C:\Users\amankhan\AppData\Roaming\npm\node_modules\appium\node_modules\appium-adb\lib\tools\system-calls.js:284:12)
[debug] &amp#27;[35m[W3C]&amp#27;[39m     at getDevices (C:\Users\amankhan\AppData\Roaming\npm\node_modules\appium\node_modules\appium-adb\lib\tools\system-calls.js:284:12)
[debug] &amp#27;[35m[W3C]&amp#27;[39m     at getDevices (C:\Users\amankhan\AppData\Roaming\npm\node_modules\appium\node_modules\appium-adb\lib\tools\system-calls.js:284:12)
[debug] &amp#27;[35m[W3C]&amp#27;[39m Destroying socket connection
&amp#27;[35m[HTTP]&amp#27;[39m &amp#27;[37m<-- POST /wd/hub/session &amp#27;[39m&amp#27;[31m500&amp#27;[39m &amp#27;[90m20204 ms - 673&amp#27;[39m
&amp#27;[35m[HTTP]&amp#27;[39m &amp#27;[90m&amp#27;[39m
[INFO ] 2023-03-04 15:51:26.820 [main] ManageLog4j - ApiDemos app is installed successfully
  Given Api Demos app is launched                         # StepDefinitions.AccessibilityStep.api_demos_app_is_launched()
      java.lang.NullPointerException
	at Pages.AccessibilityPage.verify_ApiDemo_actions(AccessibilityPage.java:33)
	at StepDefinitions.AccessibilityStep.api_demos_app_is_launched(AccessibilityStep.java:33)
	at âœ½.Api Demos app is launched(file:///C:/Users/amankhan/eclipse-workspace/Com.ExitTest.Assignment/src/test/java/Features/logTextbox.feature:4)

  When User choose option named as Text                   # StepDefinitions.logTextboxStep.user_choose_option_named_as_text()
  And User click on LogTextbox option                     # StepDefinitions.logTextboxStep.user_click_on_log_textbox_option()
  And User clicked add button                             # StepDefinitions.logTextboxStep.user_clicked_add_button()
  Then User can see line added in box                     # StepDefinitions.logTextboxStep.user_can_see_line_added_in_box()
      java.lang.NullPointerException
	at StepDefinitions.Hooks.afterScenario(Hooks.java:50)

      java.lang.NullPointerException
	at StepDefinitions.Hooks.addScreenshot(Hooks.java:36)

]]></system-out>
    <system-err><![CDATA[org.openqa.selenium.WebDriverException: It is impossible to create a new session because 'createSession' which takes HttpClient, InputStream and long was not found or it is not accessible
Build info: version: '3.141.5', revision: 'd54ebd709a', time: '2018-11-06T11:42:16'
System info: host: 'IN-D3HJ0F3', ip: '192.168.1.3', os.name: 'Windows 11', os.arch: 'amd64', os.version: '10.0', java.version: '11.0.18'
Driver info: driver.version: AndroidDriver
	at io.appium.java_client.remote.AppiumCommandExecutor$1.createSession(AppiumCommandExecutor.java:195)
	at io.appium.java_client.remote.AppiumCommandExecutor.createSession(AppiumCommandExecutor.java:209)
	at io.appium.java_client.remote.AppiumCommandExecutor.execute(AppiumCommandExecutor.java:231)
	at org.openqa.selenium.remote.RemoteWebDriver.execute(RemoteWebDriver.java:552)
	at io.appium.java_client.DefaultGenericMobileDriver.execute(DefaultGenericMobileDriver.java:42)
	at io.appium.java_client.AppiumDriver.execute(AppiumDriver.java:1)
	at io.appium.java_client.android.AndroidDriver.execute(AndroidDriver.java:1)
	at org.openqa.selenium.remote.RemoteWebDriver.startSession(RemoteWebDriver.java:213)
	at org.openqa.selenium.remote.RemoteWebDriver.<init>(RemoteWebDriver.java:131)
	at io.appium.java_client.DefaultGenericMobileDriver.<init>(DefaultGenericMobileDriver.java:38)
	at io.appium.java_client.AppiumDriver.<init>(AppiumDriver.java:84)
	at io.appium.java_client.AppiumDriver.<init>(AppiumDriver.java:94)
	at io.appium.java_client.android.AndroidDriver.<init>(AndroidDriver.java:93)
	at BaseClass.Base.getAndroidDriver(Base.java:37)
	at StepDefinitions.Hooks.BeforeScenario(Hooks.java:44)
	at java.base/jdk.internal.reflect.NativeMethodAccessorImpl.invoke0(Native Method)
	at java.base/jdk.internal.reflect.NativeMethodAccessorImpl.invoke(NativeMethodAccessorImpl.java:62)
	at java.base/jdk.internal.reflect.DelegatingMethodAccessorImpl.invoke(DelegatingMethodAccessorImpl.java:43)
	at java.base/java.lang.reflect.Method.invoke(Method.java:566)
	at io.cucumber.java.Invoker.doInvoke(Invoker.java:66)
	at io.cucumber.java.Invoker.invoke(Invoker.java:24)
	at io.cucumber.java.AbstractGlueDefinition.invokeMethod(AbstractGlueDefinition.java:47)
	at io.cucumber.java.JavaHookDefinition.execute(JavaHookDefinition.java:64)
	at io.cucumber.core.runner.CoreHookDefinition.execute(CoreHookDefinition.java:46)
	at io.cucumber.core.runner.HookDefinitionMatch.runStep(HookDefinitionMatch.java:21)
	at io.cucumber.core.runner.ExecutionMode$1.execute(ExecutionMode.java:10)
	at io.cucumber.core.runner.TestStep.executeStep(TestStep.java:85)
	at io.cucumber.core.runner.TestStep.run(TestStep.java:57)
	at io.cucumber.core.runner.TestCase.run(TestCase.java:78)
	at io.cucumber.core.runner.Runner.runPickle(Runner.java:75)
	at io.cucumber.testng.TestNGCucumberRunner.lambda$runScenario$1(TestNGCucumberRunner.java:132)
	at io.cucumber.core.runtime.CucumberExecutionContext.lambda$runTestCase$5(CucumberExecutionContext.java:129)
	at io.cucumber.core.runtime.RethrowingThrowableCollector.executeAndThrow(RethrowingThrowableCollector.java:23)
	at io.cucumber.core.runtime.CucumberExecutionContext.runTestCase(CucumberExecutionContext.java:129)
	at io.cucumber.testng.TestNGCucumberRunner.runScenario(TestNGCucumberRunner.java:129)
	at io.cucumber.testng.AbstractTestNGCucumberTests.runScenario(AbstractTestNGCucumberTests.java:35)
	at java.base/jdk.internal.reflect.NativeMethodAccessorImpl.invoke0(Native Method)
	at java.base/jdk.internal.reflect.NativeMethodAccessorImpl.invoke(NativeMethodAccessorImpl.java:62)
	at java.base/jdk.internal.reflect.DelegatingMethodAccessorImpl.invoke(DelegatingMethodAccessorImpl.java:43)
	at java.base/java.lang.reflect.Method.invoke(Method.java:566)
	at org.testng.internal.invokers.MethodInvocationHelper.invokeMethod(MethodInvocationHelper.java:139)
	at org.testng.internal.invokers.TestInvoker.invokeMethod(TestInvoker.java:677)
	at org.testng.internal.invokers.TestInvoker.invokeTestMethod(TestInvoker.java:221)
	at org.testng.internal.invokers.MethodRunner.runInSequence(MethodRunner.java:50)
	at org.testng.internal.invokers.TestInvoker$MethodInvocationAgent.invoke(TestInvoker.java:969)
	at org.testng.internal.invokers.TestInvoker.invokeTestMethods(TestInvoker.java:194)
	at org.testng.internal.invokers.TestMethodWorker.invokeTestMethods(TestMethodWorker.java:148)
	at org.testng.internal.invokers.TestMethodWorker.run(TestMethodWorker.java:128)
	at java.base/java.util.ArrayList.forEach(ArrayList.java:1541)
	at org.testng.TestRunner.privateRun(TestRunner.java:829)
	at org.testng.TestRunner.run(TestRunner.java:602)
	at org.testng.SuiteRunner.runTest(SuiteRunner.java:437)
	at org.testng.SuiteRunner.runSequentially(SuiteRunner.java:431)
	at org.testng.SuiteRunner.privateRun(SuiteRunner.java:391)
	at org.testng.SuiteRunner.run(SuiteRunner.java:330)
	at org.testng.SuiteRunnerWorker.runSuite(SuiteRunnerWorker.java:52)
	at org.testng.SuiteRunnerWorker.run(SuiteRunnerWorker.java:95)
	at org.testng.TestNG.runSuitesSequentially(TestNG.java:1256)
	at org.testng.TestNG.runSuitesLocally(TestNG.java:1176)
	at org.testng.TestNG.runSuites(TestNG.java:1099)
	at org.testng.TestNG.run(TestNG.java:1067)
	at org.apache.maven.surefire.testng.TestNGExecutor.run(TestNGExecutor.java:284)
	at org.apache.maven.surefire.testng.TestNGXmlTestSuite.execute(TestNGXmlTestSuite.java:75)
	at org.apache.maven.surefire.testng.TestNGProvider.invoke(TestNGProvider.java:119)
	at org.apache.maven.surefire.booter.ForkedBooter.runSuitesInProcess(ForkedBooter.java:428)
	at org.apache.maven.surefire.booter.ForkedBooter.execute(ForkedBooter.java:162)
	at org.apache.maven.surefire.booter.ForkedBooter.run(ForkedBooter.java:562)
	at org.apache.maven.surefire.booter.ForkedBooter.main(ForkedBooter.java:548)
Caused by: java.lang.reflect.InvocationTargetException
	at java.base/jdk.internal.reflect.NativeMethodAccessorImpl.invoke0(Native Method)
	at java.base/jdk.internal.reflect.NativeMethodAccessorImpl.invoke(NativeMethodAccessorImpl.java:62)
	at java.base/jdk.internal.reflect.DelegatingMethodAccessorImpl.invoke(DelegatingMethodAccessorImpl.java:43)
	at java.base/java.lang.reflect.Method.invoke(Method.java:566)
	at io.appium.java_client.remote.AppiumCommandExecutor$1.createSession(AppiumCommandExecutor.java:185)
	... 67 more
Caused by: org.openqa.selenium.WebDriverException: An unknown server-side error occurred while processing the command. Original error: Could not find a connected Android device in 20039ms.
Build info: version: '3.141.5', revision: 'd54ebd709a', time: '2018-11-06T11:42:16'
System info: host: 'IN-D3HJ0F3', ip: '192.168.1.3', os.name: 'Windows 11', os.arch: 'amd64', os.version: '10.0', java.version: '11.0.18'
Driver info: driver.version: AndroidDriver
remote stacktrace: UnknownError: An unknown server-side error occurred while processing the command. Original error: Could not find a connected Android device in 20039ms.
    at getResponseForW3CError (C:\Users\amankhan\AppData\Roaming\npm\node_modules\appium\node_modules\appium-base-driver\lib\protocol\errors.js:804:9)
    at asyncHandler (C:\Users\amankhan\AppData\Roaming\npm\node_modules\appium\node_modules\appium-base-driver\lib\protocol\protocol.js:381:37)
	at java.base/jdk.internal.reflect.NativeConstructorAccessorImpl.newInstance0(Native Method)
	at java.base/jdk.internal.reflect.NativeConstructorAccessorImpl.newInstance(NativeConstructorAccessorImpl.java:62)
	at java.base/jdk.internal.reflect.DelegatingConstructorAccessorImpl.newInstance(DelegatingConstructorAccessorImpl.java:45)
	at java.base/java.lang.reflect.Constructor.newInstance(Constructor.java:490)
	at org.openqa.selenium.remote.W3CHandshakeResponse.lambda$errorHandler$0(W3CHandshakeResponse.java:62)
	at org.openqa.selenium.remote.HandshakeResponse.lambda$getResponseFunction$0(HandshakeResponse.java:30)
	at org.openqa.selenium.remote.ProtocolHandshake.lambda$createSession$0(ProtocolHandshake.java:123)
	at java.base/java.util.stream.ReferencePipeline$3$1.accept(ReferencePipeline.java:195)
	at java.base/java.util.Spliterators$ArraySpliterator.tryAdvance(Spliterators.java:958)
	at java.base/java.util.stream.ReferencePipeline.forEachWithCancel(ReferencePipeline.java:127)
	at java.base/java.util.stream.AbstractPipeline.copyIntoWithCancel(AbstractPipeline.java:502)
	at java.base/java.util.stream.AbstractPipeline.copyInto(AbstractPipeline.java:488)
	at java.base/java.util.stream.AbstractPipeline.wrapAndCopyInto(AbstractPipeline.java:474)
	at java.base/java.util.stream.FindOps$FindOp.evaluateSequential(FindOps.java:150)
	at java.base/java.util.stream.AbstractPipeline.evaluate(AbstractPipeline.java:234)
	at java.base/java.util.stream.ReferencePipeline.findFirst(ReferencePipeline.java:543)
	at org.openqa.selenium.remote.ProtocolHandshake.createSession(ProtocolHandshake.java:125)
	... 72 more
]]></system-err>
  </testcase>
</testsuite>