<?xml version="1.0" encoding="UTF-8"?>
<testng-results ignored="0" total="6" passed="6" failed="0" skipped="0">
  <reporter-output>
  </reporter-output>
  <suite started-at="2023-03-04T00:00:51 IST" name="Default suite" finished-at="2023-03-04T00:02:27 IST" duration-ms="96051">
    <groups>
      <group name="cucumber">
        <method signature="AbstractTestNGCucumberTests.runScenario(io.cucumber.testng.PickleWrapper,io.cucumber.testng.FeatureWrapper)[pri:0, instance:Runner.RunnerTest@3e27ba32]" name="runScenario" class="io.cucumber.testng.AbstractTestNGCucumberTests"/>
      </group> <!-- cucumber -->
    </groups>
    <test started-at="2023-03-04T00:00:51 IST" name="Default test" finished-at="2023-03-04T00:02:27 IST" duration-ms="96051">
      <class name="Runner.RunnerTest">
        <test-method is-config="true" signature="startAppium()[pri:0, instance:Runner.RunnerTest@3e27ba32]" started-at="2023-03-04T00:00:49 IST" name="startAppium" finished-at="2023-03-04T00:00:51 IST" duration-ms="2480" status="PASS">
          <reporter-output>
          </reporter-output>
        </test-method> <!-- startAppium -->
        <test-method is-config="true" signature="setUpClass(org.testng.ITestContext)[pri:0, instance:Runner.RunnerTest@3e27ba32]" started-at="2023-03-04T00:00:51 IST" name="setUpClass" finished-at="2023-03-04T00:00:52 IST" duration-ms="754" status="PASS">
          <params>
            <param index="0">
              <value>
                <![CDATA[org.testng.TestRunner@75f65d54]]>
              </value>
            </param>
          </params>
          <reporter-output>
          </reporter-output>
        </test-method> <!-- setUpClass -->
        <test-method signature="runScenario(io.cucumber.testng.PickleWrapper,io.cucumber.testng.FeatureWrapper)[pri:0, instance:Runner.RunnerTest@3e27ba32]" started-at="2023-03-04T00:00:52 IST" name="runScenario" description="Runs Cucumber Scenarios" data-provider="scenarios" finished-at="2023-03-04T00:01:11 IST" duration-ms="18627" status="PASS">
          <params>
            <param index="0">
              <value>
                <![CDATA["Verifying the functionality named as Default layout animation"]]>
              </value>
            </param>
            <param index="1">
              <value>
                <![CDATA["LogTextbox option of API DEMOS app"]]>
              </value>
            </param>
          </params>
          <reporter-output>
          </reporter-output>
        </test-method> <!-- runScenario -->
        <test-method signature="runScenario(io.cucumber.testng.PickleWrapper,io.cucumber.testng.FeatureWrapper)[pri:0, instance:Runner.RunnerTest@3e27ba32]" started-at="2023-03-04T00:01:11 IST" name="runScenario" description="Runs Cucumber Scenarios" data-provider="scenarios" finished-at="2023-03-04T00:01:23 IST" duration-ms="12589" status="PASS">
          <params>
            <param index="0">
              <value>
                <![CDATA["Verify the Hide-show animation"]]>
              </value>
            </param>
            <param index="1">
              <value>
                <![CDATA["LogTextbox option of API DEMOS app"]]>
              </value>
            </param>
          </params>
          <reporter-output>
          </reporter-output>
        </test-method> <!-- runScenario -->
        <test-method signature="runScenario(io.cucumber.testng.PickleWrapper,io.cucumber.testng.FeatureWrapper)[pri:0, instance:Runner.RunnerTest@3e27ba32]" started-at="2023-03-04T00:01:23 IST" name="runScenario" description="Runs Cucumber Scenarios" data-provider="scenarios" finished-at="2023-03-04T00:01:38 IST" duration-ms="14768" status="PASS">
          <params>
            <param index="0">
              <value>
                <![CDATA["verify the allow from screen switch of accessbility is working"]]>
              </value>
            </param>
            <param index="1">
              <value>
                <![CDATA["verifying font size functionality is working properly"]]>
              </value>
            </param>
          </params>
          <reporter-output>
          </reporter-output>
        </test-method> <!-- runScenario -->
        <test-method signature="runScenario(io.cucumber.testng.PickleWrapper,io.cucumber.testng.FeatureWrapper)[pri:0, instance:Runner.RunnerTest@3e27ba32]" started-at="2023-03-04T00:01:38 IST" name="runScenario" description="Runs Cucumber Scenarios" data-provider="scenarios" finished-at="2023-03-04T00:01:53 IST" duration-ms="15337" status="PASS">
          <params>
            <param index="0">
              <value>
                <![CDATA["Verify App Option functionality"]]>
              </value>
            </param>
            <param index="1">
              <value>
                <![CDATA["verifying font size functionality is working properly"]]>
              </value>
            </param>
          </params>
          <reporter-output>
          </reporter-output>
        </test-method> <!-- runScenario -->
        <test-method signature="runScenario(io.cucumber.testng.PickleWrapper,io.cucumber.testng.FeatureWrapper)[pri:0, instance:Runner.RunnerTest@3e27ba32]" started-at="2023-03-04T00:01:53 IST" name="runScenario" description="Runs Cucumber Scenarios" data-provider="scenarios" finished-at="2023-03-04T00:02:10 IST" duration-ms="16273" status="PASS">
          <params>
            <param index="0">
              <value>
                <![CDATA["Verify App Option functionality"]]>
              </value>
            </param>
            <param index="1">
              <value>
                <![CDATA["verifying font size functionality is working properly"]]>
              </value>
            </param>
          </params>
          <reporter-output>
          </reporter-output>
        </test-method> <!-- runScenario -->
        <test-method signature="runScenario(io.cucumber.testng.PickleWrapper,io.cucumber.testng.FeatureWrapper)[pri:0, instance:Runner.RunnerTest@3e27ba32]" started-at="2023-03-04T00:02:10 IST" name="runScenario" description="Runs Cucumber Scenarios" data-provider="scenarios" finished-at="2023-03-04T00:02:27 IST" duration-ms="17007" status="PASS">
          <params>
            <param index="0">
              <value>
                <![CDATA["Verifying the functionality named as logTextbox"]]>
              </value>
            </param>
            <param index="1">
              <value>
                <![CDATA["Animation option of API DEMOS app"]]>
              </value>
            </param>
          </params>
          <reporter-output>
          </reporter-output>
        </test-method> <!-- runScenario -->
        <test-method is-config="true" signature="tearDownClass()[pri:0, instance:Runner.RunnerTest@3e27ba32]" started-at="2023-03-04T00:02:27 IST" name="tearDownClass" finished-at="2023-03-04T00:02:27 IST" duration-ms="648" status="PASS">
          <reporter-output>
          </reporter-output>
        </test-method> <!-- tearDownClass -->
        <test-method is-config="true" signature="stopAppium()[pri:0, instance:Runner.RunnerTest@3e27ba32]" started-at="2023-03-04T00:02:27 IST" name="stopAppium" finished-at="2023-03-04T00:02:27 IST" duration-ms="68" status="PASS">
          <reporter-output>
          </reporter-output>
        </test-method> <!-- stopAppium -->
      </class> <!-- Runner.RunnerTest -->
    </test> <!-- Default test -->
  </suite> <!-- Default suite -->
</testng-results>
